[2013-05-18 13:14] [CAR-LOCK] car #-21 was locked by Jonathan_Malco
[2013-05-18 13:14] [CAR-UNLOCK] car #-21 was unlocked by Jonathan_Malco
[2013-05-18 13:17] [CAR-UNLOCK] car #798 was unlocked by John_Wrisle
[2013-05-18 13:22] [CAR-UNLOCK] car #630 was unlocked by Costin_Sobaru
[2013-05-18 13:31] [CAR-UNLOCK] car #722 was unlocked by Costin_Sobaru
[2013-05-18 13:37] [CAR-UNLOCK] car #5427 was unlocked by Costin_Sobaru
[2013-05-18 13:37] [CAR-LOCK] car #5427 was locked by Costin_Sobaru
[2013-05-18 13:37] [CAR-UNLOCK] car #5427 was unlocked by Costin_Sobaru
[2013-05-18 13:38] [CAR-LOCK] car #5427 was locked by Costin_Sobaru
[2013-05-18 13:52] [CAR-UNLOCK] car #587 was unlocked by Jenna_Richardson
[2013-05-18 13:52] [CAR-LOCK] car #587 was locked by Jenna_Richardson
[2013-05-18 13:59] [CAR-LOCK] car #7315 was locked by Christian_Sapkowski
[2013-05-18 13:59] [CAR-UNLOCK] car #7315 was unlocked by Christian_Sapkowski
[2013-05-18 14:02] [CAR-UNLOCK] car #5948 was unlocked by Jenna_Richardson
[2013-05-18 14:11] [CAR-UNLOCK] car #731 was unlocked by Peter_Mitchell
[2013-05-18 14:12] [CAR-UNLOCK] car #5427 was unlocked by Jenna_Richardson
[2013-05-18 14:13] [CAR-LOCK] car #7489 was locked by Jenna_Richardson
[2013-05-18 14:14] [CAR-UNLOCK] car #822 was unlocked by Minh_Nguyen
[2013-05-18 14:21] [CAR-UNLOCK] car #8136 was unlocked by Peter_Mitchell
[2013-05-18 14:22] [CAR-LOCK] car #8136 was locked by Peter_Mitchell
[2013-05-18 14:25] [CAR-UNLOCK] car #8989 was unlocked by Pamela_Parkinson
[2013-05-18 14:26] [CAR-UNLOCK] car #744 was unlocked by Pamela_Parkinson
[2013-05-18 14:33] [CAR-UNLOCK] car #661 was unlocked by Costin_Sobaru
[2013-05-18 14:33] [CAR-LOCK] car #591 was locked by Costin_Sobaru
[2013-05-18 14:34] [CAR-UNLOCK] car #591 was unlocked by Costin_Sobaru
[2013-05-18 14:38] [CAR-LOCK] car #8989 was locked by Pamela_Parkinson
[2013-05-18 14:38] [CAR-UNLOCK] car #8989 was unlocked by Pamela_Parkinson
[2013-05-18 14:40] [CAR-UNLOCK] car #844 was unlocked by Pamela_Parkinson
[2013-05-18 14:41] [CAR-UNLOCK] car #5837 was unlocked by Boris_Sadovnikov
[2013-05-18 14:42] [CAR-LOCK] car #5837 was locked by Boris_Sadovnikov
[2013-05-18 14:49] [CAR-LOCK] car #5547 was locked by Jenna_Richardson
[2013-05-18 14:49] [CAR-UNLOCK] car #5547 was unlocked by Jenna_Richardson
[2013-05-18 14:52] [CAR-UNLOCK] car #5837 was unlocked by Boris_Sadovnikov
[2013-05-18 15:04] [CAR-UNLOCK] car #843 was unlocked by Tyreke_Richardson
[2013-05-18 15:04] [CAR-LOCK] car #769 was locked by Jessica_Patterson
[2013-05-18 15:04] [CAR-UNLOCK] car #769 was unlocked by Jessica_Patterson
[2013-05-18 15:04] [CAR-LOCK] car #12 was locked by Jenna_Richardson
[2013-05-18 15:05] [CAR-UNLOCK] car #12 was unlocked by Jenna_Richardson
[2013-05-18 15:05] [CAR-UNLOCK] car #7990 was unlocked by Jenna_Richardson
[2013-05-18 15:05] [CAR-UNLOCK] car #9 was unlocked by Jenna_Richardson
[2013-05-18 15:05] [CAR-LOCK] car #10 was locked by Jenna_Richardson
[2013-05-18 15:05] [CAR-UNLOCK] car #10 was unlocked by Jenna_Richardson
[2013-05-18 15:05] [CAR-UNLOCK] car #7989 was unlocked by Jenna_Richardson
[2013-05-18 15:05] [CAR-LOCK] car #7988 was locked by Jenna_Richardson
[2013-05-18 15:05] [CAR-UNLOCK] car #7988 was unlocked by Jenna_Richardson
[2013-05-18 15:05] [CAR-UNLOCK] car #11 was unlocked by Jenna_Richardson
[2013-05-18 15:06] [CAR-UNLOCK] car #675 was unlocked by Minh_Nguyen
[2013-05-18 15:14] [CAR-UNLOCK] car #6665 was unlocked by Jessica_Patterson
[2013-05-18 15:17] [CAR-UNLOCK] car #7993 was unlocked by Minh_Nguyen
[2013-05-18 15:17] [CAR-LOCK] car #7993 was locked by Minh_Nguyen
[2013-05-18 15:24] [CAR-UNLOCK] car #662 was unlocked by Minh_Nguyen
[2013-05-18 15:40] [CAR-UNLOCK] car #662 was unlocked by Costin_Sobaru
[2013-05-18 15:41] [CAR-UNLOCK] car #6527 was unlocked by Eleazar_Moreno
[2013-05-18 15:45] [CAR-UNLOCK] car #828 was unlocked by Jonathan_Malco
[2013-05-18 15:51] [CAR-UNLOCK] car #710 was unlocked by Jenna_Richardson
[2013-05-18 15:56] [CAR-LOCK] car #9135 was locked by Jenna_Richardson
[2013-05-18 16:07] [CAR-UNLOCK] car #7866 was unlocked by Jenna_Richardson
[2013-05-18 16:09] [CAR-LOCK] car #6768 was locked by John_Wrisle
[2013-05-18 16:10] [CAR-LOCK] car #2406 was locked by Jenna_Richardson
[2013-05-18 16:10] [CAR-LOCK] car #710 was locked by Jenna_Richardson
[2013-05-18 16:10] [CAR-UNLOCK] car #710 was unlocked by Jenna_Richardson
[2013-05-18 16:11] [CAR-UNLOCK] car #2406 was unlocked by Jenna_Richardson
[2013-05-18 16:11] [CAR-LOCK] car #2406 was locked by Jenna_Richardson
[2013-05-18 16:14] [CAR-UNLOCK] car #8799 was unlocked by Jenna_Richardson
[2013-05-18 16:19] [CAR-LOCK] car #590 was locked by Minh_Nguyen
[2013-05-18 16:20] [CAR-UNLOCK] car #630 was unlocked by Peter_Mitchell
[2013-05-18 16:20] [CAR-LOCK] car #591 was locked by Minh_Nguyen
[2013-05-18 16:20] [CAR-UNLOCK] car #591 was unlocked by Minh_Nguyen
[2013-05-18 16:46] [CAR-LOCK] car #64 was locked by Jenna_Richardson
[2013-05-18 16:46] [CAR-UNLOCK] car #64 was unlocked by Jenna_Richardson
[2013-05-18 16:46] [CAR-LOCK] car #64 was locked by Jenna_Richardson
[2013-05-18 16:46] [CAR-UNLOCK] car #64 was unlocked by Jenna_Richardson
[2013-05-18 16:51] [CAR-UNLOCK] car #64 was unlocked by Jenna_Richardson
[2013-05-18 17:17] [CAR-UNLOCK] car #731 was unlocked by Jenna_Richardson
[2013-05-18 17:22] [CAR-LOCK] car #5184 was locked by John_Wrisle
[2013-05-18 17:22] [CAR-UNLOCK] car #5184 was unlocked by John_Wrisle
[2013-05-18 17:42] [CAR-UNLOCK] car #9129 was unlocked by John_Wrisle
[2013-05-18 17:44] [CAR-UNLOCK] car #9 was unlocked by John_Wrisle
[2013-05-18 17:44] [CAR-LOCK] car #7990 was locked by John_Wrisle
[2013-05-18 17:44] [CAR-UNLOCK] car #7990 was unlocked by John_Wrisle
[2013-05-18 17:44] [CAR-LOCK] car #12 was locked by John_Wrisle
[2013-05-18 17:44] [CAR-UNLOCK] car #12 was unlocked by John_Wrisle
[2013-05-18 17:44] [CAR-LOCK] car #10 was locked by John_Wrisle
[2013-05-18 17:44] [CAR-UNLOCK] car #10 was unlocked by John_Wrisle
[2013-05-18 17:44] [CAR-LOCK] car #7989 was locked by John_Wrisle
[2013-05-18 17:44] [CAR-UNLOCK] car #7989 was unlocked by John_Wrisle
[2013-05-18 17:44] [CAR-LOCK] car #7988 was locked by John_Wrisle
[2013-05-18 17:44] [CAR-UNLOCK] car #7988 was unlocked by John_Wrisle
[2013-05-18 17:51] [CAR-UNLOCK] car #502 was unlocked by John_Wrisle
[2013-05-18 17:59] [CAR-UNLOCK] car #8077 was unlocked by Anthony_Moretti
[2013-05-18 18:04] [CAR-UNLOCK] car #8953 was unlocked by Debra_Hanson
[2013-05-18 18:04] [CAR-LOCK] car #8953 was locked by Debra_Hanson
[2013-05-18 18:04] [CAR-UNLOCK] car #7593 was unlocked by Debra_Hanson
[2013-05-18 18:04] [CAR-LOCK] car #7593 was locked by Debra_Hanson
[2013-05-18 18:07] [CAR-UNLOCK] car #15 was unlocked by Debra_Hanson
[2013-05-18 18:08] [CAR-LOCK] car #15 was locked by Debra_Hanson
[2013-05-18 18:08] [CAR-UNLOCK] car #845 was unlocked by Anthony_Moretti
[2013-05-18 18:12] [CAR-UNLOCK] car #3130 was unlocked by Tyreke_Richardson
[2013-05-18 18:23] [CAR-UNLOCK] car #734 was unlocked by Anthony_Moretti
[2013-05-18 18:23] [CAR-LOCK] car #734 was locked by Anthony_Moretti
[2013-05-18 18:23] [CAR-UNLOCK] car #379 was unlocked by Anthony_Moretti
[2013-05-18 18:29] [CAR-UNLOCK] car #6527 was unlocked by Eleazar_Moreno
[2013-05-18 18:34] [CAR-UNLOCK] car #4678 was unlocked by Anthony_Moretti
[2013-05-18 18:35] [CAR-LOCK] car #6527 was locked by Eleazar_Moreno
[2013-05-18 18:35] [CAR-UNLOCK] car #6527 was unlocked by Eleazar_Moreno
[2013-05-18 18:35] [CAR-LOCK] car #6527 was locked by Eleazar_Moreno
[2013-05-18 18:48] [CAR-UNLOCK] car #595 was unlocked by Anthony_Moretti
[2013-05-18 18:49] [CAR-UNLOCK] car #775 was unlocked by Anthony_Moretti
[2013-05-18 19:19] [CAR-UNLOCK] car #5303 was unlocked by Jonathan_Malco
[2013-05-18 19:22] [CAR-UNLOCK] car #687 was unlocked by Jonathan_Bowe
[2013-05-18 19:24] [CAR-LOCK] car #5303 was locked by Jonathan_Malco
[2013-05-18 19:24] [CAR-UNLOCK] car #5303 was unlocked by Jonathan_Malco
[2013-05-18 19:28] [CAR-UNLOCK] car #775 was unlocked by Jonathan_Malco
[2013-05-18 19:41] [CAR-UNLOCK] car #45 was unlocked by Jonathan_Malco
[2013-05-18 19:42] [CAR-LOCK] car #45 was locked by Jonathan_Malco
[2013-05-18 19:42] [CAR-UNLOCK] car #45 was unlocked by Jonathan_Malco
[2013-05-18 19:46] [CAR-LOCK] car #486 was locked by Jonathan_Malco
[2013-05-18 19:46] [CAR-UNLOCK] car #486 was unlocked by Jonathan_Malco
[2013-05-18 19:47] [CAR-LOCK] car #9499 was locked by Jonathan_Malco
[2013-05-18 19:47] [CAR-UNLOCK] car #9499 was unlocked by Jonathan_Malco
[2013-05-18 19:55] [CAR-LOCK] car #296 was locked by Anthony_Moretti
[2013-05-18 19:55] [CAR-UNLOCK] car #296 was unlocked by Anthony_Moretti
[2013-05-18 19:55] [CAR-LOCK] car #296 was locked by Anthony_Moretti
[2013-05-18 19:58] [CAR-UNLOCK] car #135 was unlocked by Jonathan_Malco
[2013-05-18 20:01] [CAR-LOCK] car #135 was locked by Jonathan_Malco
[2013-05-18 20:10] [CAR-UNLOCK] car #6527 was unlocked by Eleazar_Moreno
[2013-05-18 20:18] [CAR-UNLOCK] car #866 was unlocked by Peter_Mitchell
[2013-05-18 20:32] [CAR-UNLOCK] car #661 was unlocked by Jonathan_Malco
[2013-05-18 20:45] [CAR-UNLOCK] car #296 was unlocked by Anthony_Moretti
[2013-05-18 20:45] [CAR-LOCK] car #296 was locked by Anthony_Moretti
[2013-05-18 21:02] [CAR-UNLOCK] car #662 was unlocked by Matthew_Lawson
[2013-05-18 21:06] [CAR-UNLOCK] car #884 was unlocked by Boris_Sadovnikov
[2013-05-18 21:10] [CAR-UNLOCK] car #5467 was unlocked by Boris_Sadovnikov
[2013-05-18 21:14] [CAR-UNLOCK] car #405 was unlocked by Jenna_Richardson
[2013-05-18 21:18] [CAR-UNLOCK] car #880 was unlocked by Jenna_Richardson
[2013-05-18 21:19] [CAR-UNLOCK] car #9498 was unlocked by John_Wolforth
[2013-05-18 21:27] [CAR-UNLOCK] car #9499 was unlocked by John_Wolforth
[2013-05-18 21:29] [CAR-UNLOCK] car #6588 was unlocked by Jenna_Richardson
[2013-05-18 21:40] [CAR-UNLOCK] car #11 was unlocked by Debra_Hanson
[2013-05-18 21:47] [CAR-UNLOCK] car #548 was unlocked by John_Wolforth
[2013-05-18 21:47] [CAR-LOCK] car #548 was locked by John_Wolforth
[2013-05-18 21:48] [CAR-UNLOCK] car #411 was unlocked by John_Wolforth
[2013-05-18 21:48] [CAR-LOCK] car #411 was locked by John_Wolforth
[2013-05-18 22:05] [CAR-LOCK] car #9018 was locked by Jenna_Richardson
[2013-05-18 22:05] [CAR-UNLOCK] car #9018 was unlocked by Jenna_Richardson
[2013-05-18 22:05] [CAR-UNLOCK] car #9018 was unlocked by Jenna_Richardson
[2013-05-18 22:24] [CAR-LOCK] car #6831 was locked by Jarmel_Muzzafred
[2013-05-18 22:24] [CAR-UNLOCK] car #6831 was unlocked by Jarmel_Muzzafred
[2013-05-18 22:24] [CAR-LOCK] car #6831 was locked by Jarmel_Muzzafred
[2013-05-18 22:24] [CAR-UNLOCK] car #623 was unlocked by John_Wrisle
[2013-05-18 22:25] [CAR-UNLOCK] car #733 was unlocked by John_Wrisle
[2013-05-18 22:26] [CAR-LOCK] car #733 was locked by John_Wrisle
[2013-05-18 22:27] [CAR-UNLOCK] car #733 was unlocked by John_Wrisle
[2013-05-18 22:27] [CAR-LOCK] car #733 was locked by John_Wrisle
[2013-05-18 22:32] [CAR-LOCK] car #9499 was locked by John_Wrisle
[2013-05-18 22:32] [CAR-UNLOCK] car #9499 was unlocked by John_Wrisle
[2013-05-18 22:32] [CAR-LOCK] car #9499 was locked by John_Wrisle
[2013-05-18 23:21] [CAR-UNLOCK] car #8943 was unlocked by Jonathan_Bowe
[2013-05-18 23:34] [CAR-UNLOCK] car #545 was unlocked by Jonathan_Bowe
[2013-05-18 23:38] [CAR-UNLOCK] car #6952 was unlocked by Jonathan_Bowe
[2013-05-18 23:40] [CAR-UNLOCK] car #9463 was unlocked by Jonathan_Malco
[2013-05-18 23:45] [CAR-UNLOCK] car #9463 was unlocked by Jonathan_Malco
[2013-05-19 00:06] [CAR-UNLOCK] car #7566 was unlocked by Jonathan_Bowe
[2013-05-19 00:10] [CAR-UNLOCK] car #7006 was unlocked by Michael_Quinwood
[2013-05-19 00:11] [CAR-UNLOCK] car #502 was unlocked by Jonathan_Malco
[2013-05-19 00:11] [CAR-LOCK] car #502 was locked by Jonathan_Malco
[2013-05-19 00:11] [CAR-UNLOCK] car #502 was unlocked by Jonathan_Malco
[2013-05-19 00:17] [CAR-UNLOCK] car #6585 was unlocked by Jonathan_Bowe
[2013-05-19 00:18] [CAR-LOCK] car #6585 was locked by Jonathan_Bowe
[2013-05-19 00:24] [CAR-UNLOCK] car #6585 was unlocked by Jonathan_Bowe
[2013-05-19 00:32] [CAR-LOCK] car #6585 was locked by Jonathan_Bowe
[2013-05-19 00:35] [CAR-UNLOCK] car #880 was unlocked by Jonathan_Bowe
[2013-05-19 00:42] [CAR-UNLOCK] car #880 was unlocked by Jonathan_Bowe
[2013-05-19 00:45] [CAR-UNLOCK] car #880 was unlocked by Jonathan_Bowe
[2013-05-19 02:02] [CAR-UNLOCK] car #9393 was unlocked by Clarissa_Martinelli
[2013-05-19 02:06] [CAR-LOCK] car #9393 was locked by Clarissa_Martinelli
[2013-05-19 03:00] [CAR-UNLOCK] car #9393 was unlocked by Clarissa_Martinelli
[2013-05-19 03:01] [CAR-LOCK] car #9393 was locked by Clarissa_Martinelli
[2013-05-19 04:50] [CAR-UNLOCK] car #491 was unlocked by Jonathan_Bowe
[2013-05-19 05:11] [CAR-UNLOCK] car #9311 was unlocked by Jonathan_Bowe
[2013-05-19 05:22] [CAR-LOCK] car #9311 was locked by Jonathan_Bowe
[2013-05-19 05:24] [CAR-LOCK] car #8206 was locked by Jonathan_Bowe
[2013-05-19 05:24] [CAR-UNLOCK] car #8206 was unlocked by Jonathan_Bowe
[2013-05-19 05:27] [CAR-UNLOCK] car #8963 was unlocked by Jonathan_Bowe
[2013-05-19 05:27] [CAR-UNLOCK] car #9045 was unlocked by Jonathan_Bowe
[2013-05-19 05:27] [CAR-LOCK] car #9045 was locked by Jonathan_Bowe
[2013-05-19 05:42] [CAR-UNLOCK] car #9045 was unlocked by Jonathan_Bowe
[2013-05-19 05:58] [CAR-UNLOCK] car #6527 was unlocked by Victor_Castro
[2013-05-19 06:06] [CAR-UNLOCK] car #687 was unlocked by Victor_Castro
[2013-05-19 06:06] [CAR-LOCK] car #848 was locked by Victor_Castro
[2013-05-19 06:06] [CAR-UNLOCK] car #848 was unlocked by Victor_Castro
[2013-05-19 07:07] [CAR-LOCK] car #8708 was locked by Robert_Jamison
[2013-05-19 08:28] [CAR-UNLOCK] car #687 was unlocked by Costin_Sobaru
[2013-05-19 08:29] [CAR-LOCK] car #8423 was locked by Costin_Sobaru
[2013-05-19 08:31] [CAR-UNLOCK] car #587 was unlocked by Costin_Sobaru
[2013-05-19 08:31] [CAR-UNLOCK] car #587 was unlocked by Costin_Sobaru
[2013-05-19 08:45] [CAR-UNLOCK] car #781 was unlocked by Costin_Sobaru
[2013-05-19 08:54] [CAR-UNLOCK] car #834 was unlocked by Costin_Sobaru
[2013-05-19 09:00] [CAR-UNLOCK] car #6142 was unlocked by Jenna_Richardson
[2013-05-19 09:19] [CAR-UNLOCK] car #6142 was unlocked by Dennis_Lunch
[2013-05-19 09:20] [CAR-UNLOCK] car #8004 was unlocked by Boris_Sadovnikov
[2013-05-19 09:20] [CAR-LOCK] car #8004 was locked by Boris_Sadovnikov
[2013-05-19 09:20] [CAR-UNLOCK] car #6638 was unlocked by Boris_Sadovnikov
[2013-05-19 09:35] [CAR-LOCK] car #71 was locked by Jonathan_Malco
[2013-05-19 09:36] [CAR-UNLOCK] car #9463 was unlocked by John_Wolforth
[2013-05-19 09:36] [CAR-LOCK] car #9463 was locked by John_Wolforth
[2013-05-19 09:36] [CAR-UNLOCK] car #71 was unlocked by Jonathan_Malco
[2013-05-19 09:36] [CAR-LOCK] car #71 was locked by Jonathan_Malco
[2013-05-19 09:36] [CAR-UNLOCK] car #71 was unlocked by Jonathan_Malco
[2013-05-19 09:36] [CAR-LOCK] car #71 was locked by Jonathan_Malco
[2013-05-19 09:36] [CAR-UNLOCK] car #71 was unlocked by Jonathan_Malco
[2013-05-19 09:36] [CAR-LOCK] car #71 was locked by Jonathan_Malco
[2013-05-19 09:36] [CAR-UNLOCK] car #71 was unlocked by Jonathan_Malco
[2013-05-19 09:36] [CAR-LOCK] car #71 was locked by Jonathan_Malco
[2013-05-19 09:36] [CAR-UNLOCK] car #71 was unlocked by Jonathan_Malco
[2013-05-19 09:36] [CAR-LOCK] car #71 was locked by Jonathan_Malco
[2013-05-19 09:36] [CAR-UNLOCK] car #71 was unlocked by Jonathan_Malco
[2013-05-19 09:36] [CAR-LOCK] car #71 was locked by Jonathan_Malco
[2013-05-19 09:36] [CAR-UNLOCK] car #71 was unlocked by Jonathan_Malco
[2013-05-19 09:36] [CAR-LOCK] car #71 was locked by Jonathan_Malco
[2013-05-19 09:36] [CAR-UNLOCK] car #71 was unlocked by Jonathan_Malco
[2013-05-19 09:36] [CAR-LOCK] car #71 was locked by Jonathan_Malco
[2013-05-19 09:36] [CAR-UNLOCK] car #71 was unlocked by Jonathan_Malco
[2013-05-19 09:37] [CAR-UNLOCK] car #8004 was unlocked by Jonathan_Malco
[2013-05-19 09:43] [CAR-UNLOCK] car #71 was unlocked by Jonathan_Malco
[2013-05-19 09:44] [CAR-UNLOCK] car #71 was unlocked by Jonathan_Malco
[2013-05-19 09:44] [CAR-UNLOCK] car #71 was unlocked by Jonathan_Malco
[2013-05-19 09:44] [CAR-UNLOCK] car #-40 was unlocked by Jonathan_Malco
[2013-05-19 09:45] [CAR-UNLOCK] car #71 was unlocked by Jonathan_Malco
[2013-05-19 09:45] [CAR-LOCK] car #-40 was locked by Jonathan_Malco
[2013-05-19 09:48] [CAR-UNLOCK] car #883 was unlocked by Jenna_Richardson
[2013-05-19 09:48] [CAR-LOCK] car #883 was locked by Jenna_Richardson
[2013-05-19 09:48] [CAR-UNLOCK] car #415 was unlocked by Jenna_Richardson
[2013-05-19 09:49] [CAR-UNLOCK] car #8392 was unlocked by Costin_Sobaru
[2013-05-19 09:52] [CAR-UNLOCK] car #342 was unlocked by John_Wolforth
[2013-05-19 09:53] [CAR-UNLOCK] car #9057 was unlocked by John_Wolforth
[2013-05-19 09:55] [CAR-UNLOCK] car #356 was unlocked by John_Wolforth
[2013-05-19 10:03] [CAR-UNLOCK] car #184 was unlocked by Costin_Sobaru
[2013-05-19 10:03] [CAR-UNLOCK] car #588 was unlocked by Costin_Sobaru
[2013-05-19 10:07] [CAR-LOCK] car #7090 was locked by Jonathan_Malco
[2013-05-19 10:07] [CAR-UNLOCK] car #7090 was unlocked by Jonathan_Malco
[2013-05-19 10:10] [CAR-UNLOCK] car #21 was unlocked by Michael_Quinwood
[2013-05-19 10:10] [CAR-LOCK] car #21 was locked by Michael_Quinwood
[2013-05-19 10:16] [CAR-UNLOCK] car #21 was unlocked by Michael_Quinwood
[2013-05-19 10:42] [CAR-LOCK] car #9203 was locked by Michael_Quinwood
[2013-05-19 10:42] [CAR-UNLOCK] car #9203 was unlocked by Michael_Quinwood
[2013-05-19 10:56] [CAR-UNLOCK] car #9226 was unlocked by Holly_Parker
[2013-05-19 11:00] [CAR-UNLOCK] car #419 was unlocked by Holly_Parker
[2013-05-19 11:03] [CAR-UNLOCK] car #8535 was unlocked by Costin_Sobaru
[2013-05-19 11:03] [CAR-LOCK] car #8535 was locked by Costin_Sobaru
[2013-05-19 11:03] [CAR-UNLOCK] car #872 was unlocked by Costin_Sobaru
[2013-05-19 11:04] [CAR-UNLOCK] car #8535 was unlocked by Costin_Sobaru
[2013-05-19 11:05] [CAR-LOCK] car #827 was locked by Costin_Sobaru
[2013-05-19 11:05] [CAR-UNLOCK] car #827 was unlocked by Costin_Sobaru
[2013-05-19 11:08] [CAR-UNLOCK] car #674 was unlocked by Costin_Sobaru
[2013-05-19 11:08] [CAR-UNLOCK] car #873 was unlocked by Costin_Sobaru
[2013-05-19 11:08] [CAR-LOCK] car #873 was locked by Costin_Sobaru
[2013-05-19 11:08] [CAR-LOCK] car #674 was locked by Costin_Sobaru
[2013-05-19 11:09] [CAR-UNLOCK] car #769 was unlocked by Costin_Sobaru
[2013-05-19 11:09] [CAR-LOCK] car #769 was locked by Costin_Sobaru
[2013-05-19 11:09] [CAR-LOCK] car #384 was locked by Costin_Sobaru
[2013-05-19 11:09] [CAR-UNLOCK] car #384 was unlocked by Costin_Sobaru
[2013-05-19 11:11] [CAR-UNLOCK] car #249 was unlocked by Costin_Sobaru
[2013-05-19 11:14] [CAR-LOCK] car #8746 was locked by John_Wrisle
[2013-05-19 11:15] [CAR-UNLOCK] car #6831 was unlocked by Costin_Sobaru
[2013-05-19 11:15] [CAR-LOCK] car #6831 was locked by Costin_Sobaru
[2013-05-19 11:30] [CAR-UNLOCK] car #187 was unlocked by Costin_Sobaru
[2013-05-19 11:30] [CAR-UNLOCK] car #9183 was unlocked by Boris_Sadovnikov
[2013-05-19 11:39] [CAR-UNLOCK] car #4178 was unlocked by Costin_Sobaru
[2013-05-19 11:42] [CAR-LOCK] car #7574 was locked by Jenna_Richardson
[2013-05-19 11:42] [CAR-UNLOCK] car #7574 was unlocked by Jenna_Richardson
[2013-05-19 11:51] [CAR-UNLOCK] car #450 was unlocked by Robert_Jamison
[2013-05-19 11:51] [CAR-LOCK] car #450 was locked by Robert_Jamison
[2013-05-19 11:51] [CAR-UNLOCK] car #450 was unlocked by Robert_Jamison
[2013-05-19 11:52] [CAR-LOCK] car #7989 was locked by Costin_Sobaru
[2013-05-19 11:52] [CAR-UNLOCK] car #7989 was unlocked by Costin_Sobaru
[2013-05-19 11:52] [CAR-LOCK] car #10 was locked by Costin_Sobaru
[2013-05-19 11:52] [CAR-UNLOCK] car #10 was unlocked by Costin_Sobaru
[2013-05-19 11:52] [CAR-UNLOCK] car #11 was unlocked by Costin_Sobaru
[2013-05-19 12:02] [CAR-UNLOCK] car #517 was unlocked by Costin_Sobaru
[2013-05-19 12:02] [CAR-LOCK] car #517 was locked by Costin_Sobaru
[2013-05-19 12:13] [CAR-UNLOCK] car #899 was unlocked by Costin_Sobaru
[2013-05-19 12:35] [CAR-UNLOCK] car #876 was unlocked by Amanda_Cooper
[2013-05-19 12:57] [CAR-LOCK] car #908 was locked by Amanda_Cooper
[2013-05-19 12:57] [CAR-UNLOCK] car #908 was unlocked by Amanda_Cooper
[2013-05-19 13:12] [CAR-LOCK] car #7137 was locked by John_Wrisle
[2013-05-19 13:12] [CAR-UNLOCK] car #7137 was unlocked by John_Wrisle
[2013-05-19 13:13] [CAR-LOCK] car #360 was locked by Holly_Parker
[2013-05-19 13:15] [CAR-UNLOCK] car #877 was unlocked by Peter_Mitchell
[2013-05-19 13:33] [CAR-UNLOCK] car #899 was unlocked by Holly_Parker
[2013-05-19 13:35] [CAR-UNLOCK] car #861 was unlocked by Holly_Parker
[2013-05-19 13:37] [CAR-UNLOCK] car #187 was unlocked by Holly_Parker
[2013-05-19 13:38] [CAR-UNLOCK] car #5572 was unlocked by Robert_Jamison
[2013-05-19 13:38] [CAR-UNLOCK] car #866 was unlocked by John_Wrisle
[2013-05-19 13:40] [CAR-LOCK] car #5572 was locked by Robert_Jamison
[2013-05-19 13:42] [CAR-UNLOCK] car #538 was unlocked by Amanda_Cooper
[2013-05-19 13:42] [CAR-LOCK] car #538 was locked by Amanda_Cooper
[2013-05-19 13:42] [CAR-LOCK] car #82 was locked by Robert_Jamison
[2013-05-19 13:44] [CAR-UNLOCK] car #866 was unlocked by John_Wrisle
[2013-05-19 14:03] [CAR-UNLOCK] car #6969 was unlocked by Holly_Parker
[2013-05-19 14:03] [CAR-LOCK] car #6969 was locked by Holly_Parker
[2013-05-19 14:05] [CAR-UNLOCK] car #466 was unlocked by Robert_Jamison
[2013-05-19 14:08] [CAR-UNLOCK] car #6969 was unlocked by Holly_Parker
[2013-05-19 14:09] [CAR-LOCK] car #6969 was locked by Holly_Parker
[2013-05-19 14:09] [CAR-UNLOCK] car #6969 was unlocked by Holly_Parker
[2013-05-19 14:09] [CAR-LOCK] car #866 was locked by Artur_Wojcik
[2013-05-19 14:09] [CAR-UNLOCK] car #866 was unlocked by Artur_Wojcik
[2013-05-19 14:10] [CAR-LOCK] car #466 was locked by Robert_Jamison
[2013-05-19 14:18] [CAR-LOCK] car #662 was locked by Costin_Sobaru
[2013-05-19 14:18] [CAR-UNLOCK] car #662 was unlocked by Costin_Sobaru
[2013-05-19 14:24] [CAR-UNLOCK] car #6548 was unlocked by Amanda_Cooper
[2013-05-19 14:30] [CAR-UNLOCK] car #914 was unlocked by Holly_Parker
[2013-05-19 14:33] [CAR-UNLOCK] car #187 was unlocked by Jenna_Richardson
[2013-05-19 14:33] [CAR-LOCK] car #187 was locked by Jenna_Richardson
[2013-05-19 14:51] [CAR-LOCK] car #836 was locked by Boris_Sadovnikov
[2013-05-19 14:51] [CAR-UNLOCK] car #836 was unlocked by Boris_Sadovnikov
[2013-05-19 15:11] [CAR-UNLOCK] car #779 was unlocked by Robert_Jamison
[2013-05-19 15:14] [CAR-UNLOCK] car #587 was unlocked by Jessica_Patterson
[2013-05-19 15:14] [CAR-LOCK] car #587 was locked by Jessica_Patterson
[2013-05-19 15:18] [CAR-UNLOCK] car #7925 was unlocked by Boris_Sadovnikov
[2013-05-19 15:22] [CAR-UNLOCK] car #586 was unlocked by Jonathan_Bowe
[2013-05-19 15:44] [CAR-UNLOCK] car #3842 was unlocked by Amanda_Cooper
[2013-05-19 15:50] [CAR-LOCK] car #8890 was locked by Jenna_Richardson
[2013-05-19 15:50] [CAR-UNLOCK] car #8890 was unlocked by Jenna_Richardson
[2013-05-19 15:51] [CAR-UNLOCK] car #9478 was unlocked by Costin_Sobaru
[2013-05-19 15:52] [CAR-LOCK] car #9478 was locked by Costin_Sobaru
[2013-05-19 15:52] [CAR-LOCK] car #8623 was locked by Costin_Sobaru
[2013-05-19 15:52] [CAR-UNLOCK] car #8623 was unlocked by Costin_Sobaru
[2013-05-19 15:52] [CAR-LOCK] car #9107 was locked by Costin_Sobaru
[2013-05-19 15:53] [CAR-LOCK] car #9267 was locked by Jenna_Richardson
[2013-05-19 15:53] [CAR-UNLOCK] car #9267 was unlocked by Jenna_Richardson
[2013-05-19 15:54] [CAR-LOCK] car #9267 was locked by Jenna_Richardson
[2013-05-19 15:54] [CAR-UNLOCK] car #9267 was unlocked by Jenna_Richardson
[2013-05-19 16:01] [CAR-UNLOCK] car #532 was unlocked by Costin_Sobaru
[2013-05-19 16:09] [CAR-LOCK] car #7315 was locked by Jenna_Richardson
[2013-05-19 16:09] [CAR-UNLOCK] car #7315 was unlocked by Jenna_Richardson
[2013-05-19 16:09] [CAR-LOCK] car #7315 was locked by Jenna_Richardson
[2013-05-19 16:11] [CAR-LOCK] car #110 was locked by Jenna_Richardson
[2013-05-19 16:11] [CAR-UNLOCK] car #110 was unlocked by Jenna_Richardson
[2013-05-19 16:14] [CAR-LOCK] car #787 was locked by Jonathan_Malco
[2013-05-19 16:14] [CAR-UNLOCK] car #787 was unlocked by Jonathan_Malco
[2013-05-19 16:23] [CAR-UNLOCK] car #6836 was unlocked by Robert_Jamison
[2013-05-19 16:24] [CAR-UNLOCK] car #311 was unlocked by Debra_Hanson
[2013-05-19 16:26] [CAR-UNLOCK] car #872 was unlocked by Costin_Sobaru
[2013-05-19 16:26] [CAR-UNLOCK] car #1028 was unlocked by Amanda_Cooper
[2013-05-19 16:29] [CAR-UNLOCK] car #733 was unlocked by Costin_Sobaru
[2013-05-19 16:30] [CAR-LOCK] car #1028 was locked by Amanda_Cooper
[2013-05-19 16:32] [CAR-LOCK] car #110 was locked by Jenna_Richardson
[2013-05-19 16:48] [CAR-UNLOCK] car #760 was unlocked by Costin_Sobaru
[2013-05-19 16:56] [CAR-UNLOCK] car #8578 was unlocked by Costin_Sobaru
[2013-05-19 17:02] [CAR-UNLOCK] car #7315 was unlocked by Anthony_Moretti
[2013-05-19 17:08] [CAR-LOCK] car #6527 was locked by Eleazar_Moreno
[2013-05-19 17:12] [CAR-UNLOCK] car #722 was unlocked by Costin_Sobaru
[2013-05-19 17:12] [CAR-UNLOCK] car #9214 was unlocked by Maciej_Kazodra
[2013-05-19 17:14] [CAR-LOCK] car #7315 was locked by Anthony_Moretti
[2013-05-19 17:17] [CAR-UNLOCK] car #7521 was unlocked by Maciej_Kazodra
[2013-05-19 17:17] [CAR-UNLOCK] car #458 was unlocked by Anthony_Moretti
[2013-05-19 17:20] [CAR-UNLOCK] car #8759 was unlocked by Anthony_Moretti
[2013-05-19 17:26] [CAR-LOCK] car #-46 was locked by Anthony_Moretti
[2013-05-19 17:26] [CAR-UNLOCK] car #-46 was unlocked by Anthony_Moretti
[2013-05-19 17:26] [CAR-UNLOCK] car #623 was unlocked by Jonathan_Malco
[2013-05-19 17:26] [CAR-LOCK] car #623 was locked by Jonathan_Malco
[2013-05-19 17:26] [CAR-LOCK] car #618 was locked by Jonathan_Malco
[2013-05-19 17:26] [CAR-UNLOCK] car #618 was unlocked by Jonathan_Malco
[2013-05-19 17:26] [CAR-LOCK] car #618 was locked by Jonathan_Malco
[2013-05-19 17:27] [CAR-UNLOCK] car #861 was unlocked by Tyrone_Lawrence
[2013-05-19 17:27] [CAR-LOCK] car #404 was locked by Jonathan_Malco
[2013-05-19 17:43] [CAR-UNLOCK] car #708 was unlocked by Jonathan_Malco
[2013-05-19 17:44] [CAR-UNLOCK] car #591 was unlocked by Anthony_Moretti
[2013-05-19 17:52] [CAR-UNLOCK] car #6545 was unlocked by Aiden_O'Farrell
[2013-05-19 17:54] [CAR-UNLOCK] car #896 was unlocked by Anthony_Moretti
[2013-05-19 18:02] [CAR-LOCK] car #6545 was locked by Jonathan_Bowe
[2013-05-19 18:02] [CAR-UNLOCK] car #6545 was unlocked by Jonathan_Bowe
[2013-05-19 18:02] [CAR-LOCK] car #6545 was locked by Jonathan_Bowe
[2013-05-19 18:11] [CAR-LOCK] car #298 was locked by Jonathan_Bowe
[2013-05-19 18:11] [CAR-UNLOCK] car #298 was unlocked by Jonathan_Bowe
[2013-05-19 18:17] [CAR-LOCK] car #2370 was locked by Anthony_Moretti
[2013-05-19 18:17] [CAR-UNLOCK] car #2370 was unlocked by Anthony_Moretti
[2013-05-19 18:24] [CAR-LOCK] car #110 was locked by Anthony_Moretti
[2013-05-19 18:24] [CAR-UNLOCK] car #110 was unlocked by Anthony_Moretti
[2013-05-19 18:27] [CAR-UNLOCK] car #587 was unlocked by Jonathan_Bowe
[2013-05-19 18:28] [CAR-LOCK] car #2370 was locked by Anthony_Moretti
[2013-05-19 18:28] [CAR-LOCK] car #8894 was locked by James_Wagner
[2013-05-19 18:28] [CAR-UNLOCK] car #8894 was unlocked by James_Wagner
[2013-05-19 18:28] [CAR-LOCK] car #8894 was locked by James_Wagner
[2013-05-19 18:28] [CAR-UNLOCK] car #8894 was unlocked by James_Wagner
[2013-05-19 18:34] [CAR-UNLOCK] car #661 was unlocked by Jonathan_Bowe
[2013-05-19 18:39] [CAR-UNLOCK] car #8759 was unlocked by Holly_Parker
[2013-05-19 18:59] [CAR-UNLOCK] car #8339 was unlocked by Jonathan_Bowe
[2013-05-19 19:03] [CAR-UNLOCK] car #848 was unlocked by Jonathan_Bowe
[2013-05-19 19:11] [CAR-LOCK] car #110 was locked by Anthony_Moretti
[2013-05-19 19:17] [CAR-LOCK] car #804 was locked by Jonathan_Bowe
[2013-05-19 19:17] [CAR-UNLOCK] car #804 was unlocked by Jonathan_Bowe
[2013-05-19 19:36] [CAR-UNLOCK] car #896 was unlocked by Jonathan_Malco
[2013-05-19 19:37] [CAR-LOCK] car #662 was locked by James_Wagner
[2013-05-19 19:37] [CAR-UNLOCK] car #662 was unlocked by James_Wagner
[2013-05-19 19:37] [CAR-UNLOCK] car #623 was unlocked by James_Wagner
[2013-05-19 19:59] [CAR-UNLOCK] car #6934 was unlocked by Zbigniew_Kielebasz
[2013-05-19 20:02] [CAR-UNLOCK] car #419 was unlocked by Jessica_Patterson
[2013-05-19 20:26] [CAR-UNLOCK] car #580 was unlocked by Jonathan_Bowe
[2013-05-19 20:30] [CAR-UNLOCK] car #885 was unlocked by Aiden_O'Farrell
[2013-05-19 20:30] [CAR-LOCK] car #885 was locked by Aiden_O'Farrell
[2013-05-19 20:30] [CAR-UNLOCK] car #885 was unlocked by Aiden_O'Farrell
[2013-05-19 20:38] [CAR-LOCK] car #8772 was locked by Aiden_O'Farrell
[2013-05-19 20:38] [CAR-UNLOCK] car #8772 was unlocked by Aiden_O'Farrell
[2013-05-19 20:45] [CAR-LOCK] car #1 was locked by Aiden_O'Farrell
[2013-05-19 20:45] [CAR-UNLOCK] car #1 was unlocked by Aiden_O'Farrell
[2013-05-19 20:46] [CAR-UNLOCK] car #644 was unlocked by Jenna_Richardson
[2013-05-19 20:56] [CAR-UNLOCK] car #449 was unlocked by Jonathan_Malco
[2013-05-19 21:26] [CAR-UNLOCK] car #2306 was unlocked by Jenna_Richardson
[2013-05-19 21:27] [CAR-LOCK] car #2306 was locked by Jenna_Richardson
[2013-05-19 21:56] [CAR-UNLOCK] car #187 was unlocked by Jonathan_Bowe
[2013-05-19 21:56] [CAR-LOCK] car #836 was locked by Jonathan_Bowe
[2013-05-19 21:56] [CAR-UNLOCK] car #836 was unlocked by Jonathan_Bowe
[2013-05-19 21:59] [CAR-UNLOCK] car #880 was unlocked by Victor_Castro
[2013-05-19 21:59] [CAR-UNLOCK] car #8928 was unlocked by Victor_Castro
[2013-05-19 22:01] [CAR-LOCK] car #8928 was locked by Victor_Castro
[2013-05-19 22:20] [CAR-UNLOCK] car #9318 was unlocked by Jenna_Richardson
[2013-05-19 22:24] [CAR-UNLOCK] car #61 was unlocked by Victor_Castro
[2013-05-19 22:38] [CAR-UNLOCK] car #731 was unlocked by Mike_Andrews
[2013-05-19 23:08] [CAR-UNLOCK] car #6831 was unlocked by Jonathan_Bowe
[2013-05-19 23:17] [CAR-UNLOCK] car #6545 was unlocked by Jonathan_Bowe
[2013-05-19 23:18] [CAR-LOCK] car #6545 was locked by Jonathan_Bowe
[2013-05-19 23:32] [CAR-UNLOCK] car #8010 was unlocked by John_Wrisle
[2013-05-19 23:32] [CAR-LOCK] car #8010 was locked by John_Wrisle
[2013-05-19 23:47] [CAR-UNLOCK] car #753 was unlocked by Jenna_Richardson
[2013-05-19 23:54] [CAR-LOCK] car #7674 was locked by John_Wrisle
[2013-05-19 23:58] [CAR-UNLOCK] car #8136 was unlocked by Jenna_Richardson
[2013-05-20 00:51] [CAR-UNLOCK] car #550 was unlocked by Jenna_Richardson
[2013-05-20 01:17] [CAR-UNLOCK] car #9238 was unlocked by Jenna_Richardson
[2013-05-20 01:17] [CAR-UNLOCK] car #119 was unlocked by Jenna_Richardson
[2013-05-20 01:40] [CAR-UNLOCK] car #9500 was unlocked by Victor_Castro
[2013-05-20 01:40] [CAR-LOCK] car #8786 was locked by Victor_Castro
[2013-05-20 01:40] [CAR-UNLOCK] car #8786 was unlocked by Victor_Castro
[2013-05-20 02:33] [CAR-UNLOCK] car #731 was unlocked by Jessica_Patterson
[2013-05-20 03:19] [CAR-UNLOCK] car #945 was unlocked by Jessica_Patterson
[2013-05-20 03:55] [CAR-LOCK] car #844 was locked by Matthew_Lawson
[2013-05-20 03:55] [CAR-UNLOCK] car #844 was unlocked by Matthew_Lawson
[2013-05-20 04:18] [CAR-UNLOCK] car #731 was unlocked by Matthew_Lawson
[2013-05-20 05:31] [CAR-UNLOCK] car #927 was unlocked by Matthew_Lawson
[2013-05-20 05:32] [CAR-LOCK] car #927 was locked by Matthew_Lawson
[2013-05-20 06:04] [CAR-UNLOCK] car #689 was unlocked by Jonathan_Malco
[2013-05-20 06:13] [CAR-UNLOCK] car #689 was unlocked by Jonathan_Malco
[2013-05-20 06:15] [CAR-UNLOCK] car #689 was unlocked by Jonathan_Malco
[2013-05-20 09:00] [CAR-UNLOCK] car #9008 was unlocked by Jenna_Richardson
[2013-05-20 09:08] [CAR-UNLOCK] car #951 was unlocked by Jenna_Richardson
[2013-05-20 09:08] [CAR-LOCK] car #951 was locked by Jenna_Richardson
[2013-05-20 09:08] [CAR-UNLOCK] car #951 was unlocked by Jenna_Richardson
[2013-05-20 09:19] [CAR-LOCK] car #653 was locked by Jenna_Richardson
[2013-05-20 09:20] [CAR-UNLOCK] car #653 was unlocked by Jenna_Richardson
[2013-05-20 09:22] [CAR-UNLOCK] car #722 was unlocked by Jenna_Richardson
[2013-05-20 09:44] [CAR-UNLOCK] car #8726 was unlocked by James_Doyles
[2013-05-20 09:50] [CAR-LOCK] car #8619 was locked by John_Wolforth
[2013-05-20 09:50] [CAR-UNLOCK] car #8619 was unlocked by John_Wolforth
[2013-05-20 09:51] [CAR-UNLOCK] car #892 was unlocked by John_Wolforth
[2013-05-20 10:05] [CAR-UNLOCK] car #892 was unlocked by John_Wolforth
[2013-05-20 10:16] [CAR-UNLOCK] car #384 was unlocked by John_Wolforth
[2013-05-20 10:17] [CAR-UNLOCK] car #892 was unlocked by John_Wolforth
[2013-05-20 10:17] [CAR-UNLOCK] car #486 was unlocked by John_Wolforth
[2013-05-20 10:21] [CAR-UNLOCK] car #722 was unlocked by John_Wolforth
[2013-05-20 10:29] [CAR-UNLOCK] car #384 was unlocked by John_Wolforth
[2013-05-20 10:50] [CAR-LOCK] car #-53 was locked by John_Wolforth
[2013-05-20 11:03] [CAR-UNLOCK] car #-54 was unlocked by John_Wolforth
[2013-05-20 11:14] [CAR-UNLOCK] car #7506 was unlocked by James_Doyles
[2013-05-20 11:14] [CAR-LOCK] car #7506 was locked by James_Doyles
[2013-05-20 11:22] [CAR-UNLOCK] car #390 was unlocked by John_Wolforth
[2013-05-20 12:30] [CAR-UNLOCK] car #5100 was unlocked by John_Wolforth
[2013-05-20 12:31] [CAR-UNLOCK] car #9369 was unlocked by James_Doyles
[2013-05-20 12:49] [CAR-UNLOCK] car #6588 was unlocked by John_Wolforth
[2013-05-20 12:51] [CAR-UNLOCK] car #606 was unlocked by John_Wolforth
[2013-05-20 12:52] [CAR-LOCK] car #606 was locked by John_Wolforth
[2013-05-20 12:56] [CAR-UNLOCK] car #380 was unlocked by John_Wrisle
[2013-05-20 13:05] [CAR-UNLOCK] car #671 was unlocked by John_Wrisle
[2013-05-20 13:05] [CAR-UNLOCK] car #186 was unlocked by James_Doyles
