[2013-05-18 14:12] [VEHICLE] Jenna_Richardson changed the lock for Vehicle #5427 (Patriot)
[2013-05-18 14:52] [VEHICLE] Boris_Sadovnikov changed the lock for Vehicle #5837 (Tahoma)
[2013-05-18 16:19] [VEHICLE] Peter_Mitchell changed the lock for Vehicle #5427 (Patriot)
[2013-05-18 17:17] [VEHICLE] Jenna_Richardson changed the lock for Vehicle #731 (PCJ-600)
[2013-05-18 17:52] [VEHICLE] John_Wrisle changed the lock for Vehicle #502 (Infernus)
[2013-05-18 19:22] [VEHICLE] Jonathan_Bowe changed the lock for Vehicle #687 (Manana)
[2013-05-18 19:25] [VEHICLE] Jonathan_Malco changed the lock for Vehicle #5303 (Sultan)
[2013-05-18 21:10] [VEHICLE] Boris_Sadovnikov changed the lock for Vehicle #5467 (NRG-500)
[2013-05-18 21:20] [VEHICLE] Boris_Sadovnikov changed the lock for Vehicle #6407 (Sultan)
[2013-05-18 21:21] [VEHICLE] Jonathan_Bowe changed the lock for Vehicle #5303 (Sultan)
[2013-05-18 22:23] [VEHICLE] John_Wrisle changed the lock for Vehicle #6831.
[2013-05-18 22:59] [VEHICLE] Victor_Castro changed the lock for Vehicle #6952.
[2013-05-18 23:25] [VEHICLE] Jonathan_Bowe changed the lock for Vehicle #8943 (Buffalo)
[2013-05-18 23:33] [VEHICLE] John_Wolforth changed the lock for Vehicle #9499 (Infernus)
[2013-05-19 00:12] [VEHICLE] Jonathan_Malco changed the lock for Vehicle #502 (Infernus)
[2013-05-19 00:13] [VEHICLE] John_Wolforth changed the lock for Vehicle #502 (Infernus)
[2013-05-19 00:13] [VEHICLE] Jonathan_Malco changed the lock for Vehicle #502 (Infernus)
[2013-05-19 00:35] [VEHICLE] Jonathan_Bowe changed the lock for Vehicle #880 (PCJ-600)
[2013-05-19 03:37] [VEHICLE] Jonathan_Bowe changed the lock for Vehicle #668 (Tampa)
[2013-05-19 03:37] [VEHICLE] Jonathan_Bowe changed the lock for Vehicle #668+.
[2013-05-19 08:28] [VEHICLE] Costin_Sobaru changed the lock for Vehicle #687 (Manana)
[2013-05-19 08:45] [VEHICLE] Costin_Sobaru changed the lock for Vehicle #781 (BF-400)
[2013-05-19 08:49] [VEHICLE] Costin_Sobaru changed the lock for Vehicle #419 (Taxi)
[2013-05-19 10:29] [VEHICLE] Michael_Quinwood changed the lock for Vehicle #21 (Tahoma)
[2013-05-19 16:01] [VEHICLE] Costin_Sobaru changed the lock for Vehicle #532 (Tahoma)
[2013-05-19 17:25] [VEHICLE] Costin_Sobaru changed the lock for Vehicle #928 (Savanna)
[2013-05-19 17:28] [VEHICLE] Jonathan_Bowe changed the lock for Vehicle #5303 (Sultan)
[2013-05-19 18:13] [VEHICLE] Jonathan_Bowe changed the lock for Vehicle #6969 (Securicar)
[2013-05-19 18:29] [VEHICLE] Jonathan_Bowe changed the lock for Vehicle #6142 (Sentinel)
[2013-05-19 19:00] [VEHICLE] Jonathan_Bowe changed the lock for Vehicle #8339 (Club)
[2013-05-19 19:03] [VEHICLE] Jonathan_Bowe changed the lock for Vehicle #848 (FCR-900)
[2013-05-19 19:04] [VEHICLE] Jonathan_Bowe changed the lock for Vehicle #471 (NRG-500)
[2013-05-19 19:08] [VEHICLE] Jonathan_Bowe changed the lock for Vehicle #471 (NRG-500)
[2013-05-20 01:25] [VEHICLE] Jessica_Patterson changed the lock for Vehicle #6603 (Bullet)
[2013-05-20 01:39] [HOUSE] Victor_Castro changed the lock for House #329)
[2013-05-20 01:40] [VEHICLE] Victor_Castro changed the lock for Vehicle #9500 (Infernus)
[2013-05-20 01:40] [VEHICLE] Victor_Castro changed the lock for Vehicle #8786 (Super GT)
[2013-05-20 01:41] [VEHICLE] Victor_Castro changed the lock for Vehicle #6548 (Sultan)
[2013-05-20 01:43] [HOUSE] Victor_Castro changed the lock for House #328)
[2013-05-20 01:46] [HOUSE] Victor_Castro changed the lock for House #23)
[2013-05-20 01:47] [HOUSE] Victor_Castro changed the lock for House #430)
[2013-05-20 01:48] [HOUSE] Victor_Castro changed the lock for House #1364)
[2013-05-20 04:21] [VEHICLE] Matthew_Lawson changed the lock for Vehicle #8943 (Buffalo)
[2013-05-20 04:28] [VEHICLE] Matthew_Lawson changed the lock for Vehicle #8042 (Yosemite)
[2013-05-20 04:34] [VEHICLE] Victor_Castro changed the lock for Vehicle #8409 (Sandking)
