[2013-05-18 13:18] [PD/TAKELICENSE] Jonathan_Malco revoked Anatoly Dublov their gun license for  1 hours
[2013-05-18 14:00] [PD/ARREST] Probationary Officer Beata_Nowak jailed Kate Prim for 25 minute(s). Reason: 23103 VC - 22450 VC - Aiding and Abedding (Unknown PC)
[2013-05-18 15:06] [PD/TICKET] Beata_Nowak gave Francis Casso a ticket. Amount: $95 Reason: Reckless Driving, Bluezone Violation
[2013-05-18 17:05] [PD/ARREST] Cadet Matthew_Brown jailed Ruby Hox for 55 minute(s). Reason: Prostitution Wreckless driving traffic violation
[2013-05-18 17:22] [PD/TICKET] Matthew_Brown gave Marvin Jones a ticket. Amount: $800 Reason: traffic violation
[2013-05-18 18:08] [PD/TAKELICENSE] Daniel_Evans revoked Anthony Fucci their driving license for  3 hours
[2013-05-18 18:08] [PD/ARREST] Trooper III Daniel_Evans jailed Anthony Fucci for 60 minute(s). Reason: 2800.1 VC
[2013-05-18 18:34] [PD/TICKET] Matthew_Brown gave Roxy Fox a ticket. Amount: $400 Reason: Speeding
[2013-05-18 18:44] [PD/TAKELICENSE] Ryan_O'Connor revoked Andrey Soskov their driving license for  8 hours
[2013-05-18 20:06] [PD/ARREST] Trooper III Daniel_Evans jailed Wei Hakatsuki for 180 minute(s). Reason: 148 PC,242 PC, 2800.1 VC
[2013-05-18 20:38] [PD/ARREST] Probationary Officer Antwon_Jones jailed Anthony Moretti for 300 minute(s). Reason: 245PC and 417PC.
[2013-05-18 21:54] [PD/TICKET] Antwon_Jones gave Drake Sky a ticket. Amount: $145 Reason: Driving 18 Kilometers over the limit.
[2013-05-18 23:09] [PD/TICKET] Richard_de_Vries gave Cheng Wang a ticket. Amount: $350 Reason: BZR violation.
[2013-05-18 23:13] [PD/TICKET] Matthew_Lawson gave Takumi Scott a ticket. Amount: $400 Reason: Excessive speeding, BZR violation
[2013-05-18 23:34] [PD/TICKET] Harry_Wilson gave Callum Walsh a ticket. Amount: $800 Reason: 2800.2VC - Driving without a license
[2013-05-19 00:40] [PD/ARREST] Probationary Officer Cody_Szautner jailed Kera Rose for 60 minute(s). Reason: 245PC
[2013-05-19 02:42] [PD/TICKET] Antwon_Jones gave Anthony Fucci a ticket. Amount: $200 Reason: Blue zone Violation.
[2013-05-19 03:33] [PD/TICKET] Floyd_Brown gave Anthony Fucci a ticket. Amount: $500 Reason: Speeding, Running BZR, Reckless driving.
[2013-05-19 03:51] [PD/TAKELICENSE] Floyd_Brown revoked Anthony Fucci their driving license for  5 hours
[2013-05-19 08:34] [PD/TICKET] Johnny_Walter gave Leonardo Vecchione a ticket. Amount: $620 Reason: Speeding over limit of 30Km/hr higher plus Failure to wear seatbelt.
[2013-05-19 11:08] [PD/TICKET] Johnny_Walter gave Vladimir Volynski a ticket. Amount: $600 Reason: Speeding over the limit exceeding up to 40km/hr more.
[2013-05-19 11:27] [PD/ARREST] Cadet Matthew_Brown jailed Kennith Menke for 60 minute(s). Reason: 23103VC 22350VC
[2013-05-19 12:51] [PD/ARREST] Cadet Matthew_Brown jailed Dennis Lunch for 60 minute(s). Reason: 23103VC 22350VC
[2013-05-19 13:42] [PD/TICKET] Harry_Wilson gave Carlos Valente a ticket. Amount: $400 Reason: 415 PC - Disturbing Public Peace - Fighting in public
[2013-05-19 13:45] [PD/TICKET] Harry_Wilson gave Ramires Diaz a ticket. Amount: $400 Reason: 415 PC - Disturbing Public Peace - Public Fight
[2013-05-19 13:56] [PD/TICKET] Alliance_Cooger gave Remy Beaupre a ticket. Amount: $450 Reason: Speeding at commerce - 16 over.
[2013-05-19 14:45] [PD/TICKET] Harry_Wilson gave Kane Rendero a ticket. Amount: $400 Reason: 22350 VC - Speeding - 39 Over the limit.
[2013-05-19 18:42] [PD/ARREST] Trooper III Daniel_Evans jailed Jerome Sky for 60 minute(s). Reason: 2800.1 VC
[2013-05-19 19:06] [PD/TICKET] Daniel_Evans gave Finn Robinson a ticket. Amount: $500 Reason: Mandatory Seatbelt law, Speeding
[2013-05-19 19:53] [PD/TAKELICENSE] Ryan_O'Connor revoked Josh Peterson their driving license for  10 hours
[2013-05-19 20:51] [PD/ARREST] Cadet Semih_Karadeniz jailed Samuel Salinas for 200 minute(s). Reason: 207 PC - 2800.1 VC
[2013-05-19 21:18] [PD/TICKET] Joe_Rovito gave Mario Walsh a ticket. Amount: $120 Reason: 22350 VC
[2013-05-19 21:22] [PD/TICKET] Daniel_Evans gave Kennith Menke a ticket. Amount: $250 Reason: Excessive Speeding
[2013-05-19 21:27] [PD/TICKET] Vito_Spaducci gave John June a ticket. Amount: $500 Reason: .
[2013-05-19 21:27] [PD/TICKET] Vito_Spaducci gave John June a ticket. Amount: $1,000 Reason: .
[2013-05-20 00:28] [PD/TICKET] Matthew_Ford gave Armando Enreiqu a ticket. Amount: $3,000 Reason: OOC
[2013-05-20 03:38] [PD/TICKET] Brian_Beatty gave Garrett Walters a ticket. Amount: $300 Reason: Speeding 29 KM/H - PC: 22350
[2013-05-20 05:43] [PD/TICKET] Stephen_Johnson gave Tremaine Simmons a ticket. Amount: $300 Reason: Reckless driving, Speeding
