[2013-05-18 20:44] [SFES Death] Ninja6788/Jake_Scold lost 1x item 39
[2013-05-18 23:08] [SFES Death] Shane_Russell/Jarmel_Muzzafred lost 3x item 34
[2013-05-18 23:08] [SFES Death] Shane_Russell/Jarmel_Muzzafred lost 2x item 34
[2013-05-18 23:08] [SFES Death] Shane_Russell/Jarmel_Muzzafred lost 1x item 34
[2013-05-18 23:59] [SFES Death] Bosanac/Frank_Jefferson lost 1x item 39
[2013-05-19 00:46] [SFES Death] Brian_Jordan/Brian_Johnson lost 1x item 38
[2013-05-19 02:40] [SFES Death] hetr0H/Callum_Walsh lost 2x item 38
[2013-05-19 02:40] [SFES Death] hetr0H/Callum_Walsh lost 1x item 38
[2013-05-19 03:13] [SFES Death] Bobthebuilder/Lamar_Johnson lost 1x item 39
[2013-05-19 14:58] [SFES Death] Najkwiin/Javier_Espinoza lost 1x item 38
[2013-05-19 16:02] [SFES Death] dsmoked/Dominique_Sherwood_Jr lost 1x item 39
[2013-05-19 17:32] [SFES Death] golden/Javier_Cardozo lost 1x item 34
[2013-05-19 18:38] [SFES Death] Johnlo/John_June lost 2x item 34
[2013-05-19 18:38] [SFES Death] Johnlo/John_June lost 1x item 34
[2013-05-19 20:03] [SFES Death] PKXZX77/Bishop_Kareno lost 2x item 34
[2013-05-19 20:03] [SFES Death] PKXZX77/Bishop_Kareno lost 1x item 34
[2013-05-19 20:03] [SFES Death] PKXZX77/Bishop_Kareno lost 2x item 38
[2013-05-19 20:03] [SFES Death] PKXZX77/Bishop_Kareno lost 1x item 38
[2013-05-19 20:21] [SFES Death] POFFY98/Andre_Johnson lost 1x item 34
[2013-05-19 20:21] [SFES Death] POFFY98/Andre_Johnson lost 1x item 38
[2013-05-19 22:32] [SFES Death] whitesnake/Rodnell_Shyland lost 1x item 37
