[2013-05-18 13:11] [AVEHPOS] Pamela_Parkinson parked car #828 at 112.5634765625, -3699.068359375, 4.4207859039307
[2013-05-18 13:24] [SELL] car #260 was sold from Rick Johnson to Josiez Gomes
[2013-05-18 13:27] [MAKEVEH] Pamela_Parkinson created car #830 (Rancher) - Faction #56
[2013-05-18 13:27] [AVEHPOS] Pamela_Parkinson parked car #830 at 1421.5966796875, 1369.0087890625, 10.973955154419
[2013-05-18 13:29] [ADD TINT-LST&R] James Lopez has added tint to vehicle #763 - Stratum.
[2013-05-18 13:36] [AVEHPOS] Boris_Sadovnikov parked car #5427 at 2147.0361328125, -2665.25, 13.171697616577
[2013-05-18 13:36] [ADMIN-UNIMPOUND] Boris Sadovnikov has unimpounded vehicle #5427.
[2013-05-18 13:38] [AVEHPOS] Costin_Sobaru parked car #5427 at 2145.7900390625, -2702.1025390625, 13.475100517273
[2013-05-18 13:56] [SELL] car #407 was sold from Callum Binco to Victor Walsh
[2013-05-18 13:56] [SELL] car #407 was sold from Victor Walsh to Callum Walsh
[2013-05-18 14:11] [MAKEVEH] Pamela_Parkinson created car #837 (Rancher) - Faction #56
[2013-05-18 14:12] [AVEHPOS] Pamela_Parkinson parked car #837 at 455.0380859375, -3695.62109375, 10.409281730652
[2013-05-18 14:13] [MAKEVEH] Pamela_Parkinson created car #838 (Caddy) - Faction #56
[2013-05-18 14:14] [AVEHPOS] Pamela_Parkinson parked car #838 at 461.744140625, -3715.4013671875, 10.554613113403
[2013-05-18 14:23] [SELL] car #6519 was sold from Jonas Delber to Daniel Fernandez
[2013-05-18 14:26] [SELL] car #8102 was sold from Armando Rendero to Nate Miller
[2013-05-18 14:26] [MAKEVEH] Peter_Mitchell created car #841 (Manana) - Ben_Stephenson
[2013-05-18 14:26] [MAKEVEH] Peter_Mitchell created car #842 (PCJ-600) - Ben_Stephenson
[2013-05-18 14:42] [SELL] car #6585 was sold from Joseph Leach to Vladimir Volynski
[2013-05-18 14:43] [ADD TINT-LST&R] James Lopez has added tint to vehicle #586 - Tahoma.
[2013-05-18 14:52] [AVEHPOS] Pamela_Parkinson parked car #249 at 137.609375, -3681.080078125, 4.7892065048218
[2013-05-18 15:07] [AVEHPOS] Pamela_Parkinson parked car #250 at 655.26171875, -3682.0517578125, 9.893913269043
[2013-05-18 15:09] [AVEHPOS] Pamela_Parkinson parked car #207 at 655.1865234375, -3684.6484375, 9.9248809814453
[2013-05-18 15:19] [SELL] car #5837 was sold from Tyreke Richardson to Francis Casso
[2013-05-18 15:20] [MAKEVEH] Tyreke_Richardson created car #847 (Tahoma) - Francis_Casso
[2013-05-18 15:36] [MAKEVEH] Garry_Davidson created car #852 (Hydra) - Faction #58
[2013-05-18 15:37] [MAKEVEH] Tyreke_Richardson created car #853 (Tahoma) - Joe_Harrisons
[2013-05-18 15:37] [MAKEVEH] Garry_Davidson created car #854 (Hydra) - Faction #2
[2013-05-18 15:38] [MAKEVEH] Tyreke_Richardson created car #855 (Tampa) - Joe_Harrisons
[2013-05-18 15:57] [SELL] car #675 was sold from Anthony Fucci to Lukas Maverick
[2013-05-18 15:59] [SELL] car #845 was sold from Lukas Maverick to Anthony Fucci
[2013-05-18 16:07] [SELL] car #3842 was sold from Costin Sobaru to Andrei Ciobanu
[2013-05-18 17:28] [SELL] car #6575 was sold from Brandon Leach to Eric Wallace
[2013-05-18 17:38] [SELL] car #6776 was sold from Humberto Juanito to Kasper Hernandez
[2013-05-18 17:49] [SELL] car #842 was sold from Ben Stephenson to Sam Conn
[2013-05-18 17:49] [SELL] car #461 was sold from Nate Miller to Razvan Ghiuzan
[2013-05-18 18:04] [ADD TINT-LST&R] Nate Miller has added tint to vehicle #866 - Elegy.
[2013-05-18 18:10] [SELL] car #387 was sold from Robert O'Sullivan to Dom Dark
[2013-05-18 18:28] [SELL] car #6575 was sold from Eric Wallace to Lucy Jones
[2013-05-18 18:49] [SELL] car #5303 was sold from Eric Wallace to Jonas Delber
[2013-05-18 20:07] [SELL] car #687 was sold from Salvatore Montesano to Anthony Fucci
[2013-05-18 20:17] [SELL] car #8705 was sold from Tony Wash to Joshua Martinez
[2013-05-18 21:04] [MAKEVEH] Boris_Sadovnikov created car #884 (Clover) - Marco_DeVille
[2013-05-18 21:11] [SELL] car #5303 was sold from Jonas Delber to Jonathan Bowe
[2013-05-18 21:47] [AVEHPOS] John_Wolforth parked car #548 at 798.701171875, -1497.0478515625, 13.094882011414
[2013-05-18 21:48] [AVEHPOS] John_Wolforth parked car #411 at 799.6591796875, -1496.5615234375, 13.139421463013
[2013-05-18 22:04] [AVEHPOS] Jessica_Patterson parked car #9021 at 1402.47265625, 408.9326171875, 19.666666030884
[2013-05-18 22:04] [AVEHPOS] Jessica_Patterson parked car #9021 at 1402.2705078125, 408.8349609375, 19.66982460022
[2013-05-18 22:27] [AVEHPOS] John_Wrisle parked car #733 at 1121.4033203125, -1311.220703125, 78.602630615234
[2013-05-18 22:27] [AVEHPOS] Jessica_Patterson parked car #9024 at 1377.0400390625, 388.732421875, 28.933294296265
[2013-05-18 22:31] [AVEHPOS] Jessica_Patterson parked car #567 at 1381.9482421875, 404.0263671875, 28.932861328125
[2013-05-18 23:25] [AVEHPOS] Jonathan_Bowe parked car #8943 at 2600.38671875, -1406.5146484375, 35.647354125977
[2013-05-19 00:56] [SELL] car #187 was sold from John Wolforth to Enrique Castillo
[2013-05-19 00:56] [SELL] car #187 was sold from Enrique Castillo to Marvin Jones
[2013-05-19 01:14] [SELL] car #7770 was sold from Antwon Jones to Carleone McCartney
[2013-05-19 01:22] [SELL] car #855 was sold from Joe Harrisons to Jake Scold
[2013-05-19 01:45] [SELL] car #855 was sold from Jake Scold to Frank Jefferson
[2013-05-19 02:16] [AVEHPOS] Clarissa_Martinelli parked car #407 at 1561.0205078125, -1608.07421875, 13.335936546326
[2013-05-19 03:07] [SELL] car #687 was sold from Anthony Fucci to John Thims
[2013-05-19 03:07] [SELL] car #767 was sold from John Thims to Anthony Fucci
[2013-05-19 03:08] [AVEHPOS] Mike_Andrews parked car #9019 at 1399.294921875, 402.1484375, 19.526418685913
[2013-05-19 03:44] [MAKEVEH] Jessica_Patterson created car #786 (Enforcer) - Faction #45
[2013-05-19 03:55] [AVEHPOS] Jessica_Patterson parked car #786 at -61.9765625, -50.9462890625, 899.20129394531
[2013-05-19 04:51] [AVEHPOS] Jonathan_Bowe parked car #491 at 515.8310546875, 79.00390625, 1045.3165283203
[2013-05-19 07:56] [ADD TINT-LST&R] Dennis Simmons has added tint to vehicle #779 - Burrito.
[2013-05-19 08:43] [SELL] car #868 was sold from Malakas Lelekos to Michael Ferbison
[2013-05-19 08:43] [SELL] car #868 was sold from Michael Ferbison to Rick Ferbison
[2013-05-19 09:00] [SELL] car #879 was sold from Dhmitris Kitras to Michael Ferbison
[2013-05-19 09:03] [SELL] car #6575 was sold from Lucy Jones to Vladimir Volynski
[2013-05-19 09:03] [SELL] car #6575 was sold from Vladimir Volynski to Lucy Jones
[2013-05-19 09:08] [SELL] car #887 was sold from Lalakos Spuridwn to Papas Albim
[2013-05-19 09:25] [AVEHPOS] Jonathan_Malco parked car #471 at 1130.4326171875, -1286.0625, 14.462740898132
[2013-05-19 10:14] [SELL] car #887 was sold from Papas Albim to John Caravan
[2013-05-19 10:18] [AVEHPOS] John_Wolforth parked car #838 at 456.1630859375, -3739.224609375, 10.558895111084
[2013-05-19 10:18] [AVEHPOS] John_Wolforth parked car #817 at 453.041015625, -3739.142578125, 10.580501556396
[2013-05-19 10:18] [AVEHPOS] John_Wolforth parked car #816 at 446.7177734375, -3739.193359375, 10.520473480225
[2013-05-19 10:19] [AVEHPOS] John_Wolforth parked car #818 at 449.767578125, -3739.5107421875, 10.565304756165
[2013-05-19 10:19] [AVEHPOS] John_Wolforth parked car #819 at 443.6748046875, -3739.4189453125, 10.513883590698
[2013-05-19 10:19] [AVEHPOS] John_Wolforth parked car #821 at 458.4521484375, -3733.7861328125, 10.416233062744
[2013-05-19 10:19] [AVEHPOS] John_Wolforth parked car #837 at 458.419921875, -3728.81640625, 10.36997127533
[2013-05-19 10:31] [AVEHPOS] Michael_Quinwood parked car #9203 at -1932.61328125, -1746.197265625, 23.018569946289
[2013-05-19 10:33] [SELL] car #879 was sold from Michael Ferbison to Rick Valatos
[2013-05-19 10:43] [AVEHPOS] Michael_Quinwood parked car #9203 at 1211.4140625, -1331.8037109375, 13.137521743774
[2013-05-19 10:57] [AVEHPOS] Holly_Parker parked car #9226 at -60.7685546875, -17.375, 898.79113769531
[2013-05-19 10:59] [SELL] car #868 was sold from Rick Ferbison to Michael Ferbison
[2013-05-19 11:04] [AVEHPOS] Costin_Sobaru parked car #826 at 876.7998046875, -3609.005859375, 0.19770200550556
[2013-05-19 11:05] [AVEHPOS] Costin_Sobaru parked car #823 at 896.4853515625, -3595.28515625, 0.60153949260712
[2013-05-19 11:05] [AVEHPOS] Costin_Sobaru parked car #825 at 879.390625, -3617.20703125, 0.21837693452835
[2013-05-19 11:05] [AVEHPOS] Costin_Sobaru parked car #824 at 885.9052734375, -3625.9794921875, 0.5081262588501
[2013-05-19 11:06] [AVEHPOS] Costin_Sobaru parked car #825 at 879.390625, -3617.20703125, 0.21837693452835
[2013-05-19 11:06] [AVEHPOS] Costin_Sobaru parked car #825 at 879.390625, -3617.20703125, 0.21837693452835
[2013-05-19 11:07] [AVEHPOS] Costin_Sobaru parked car #827 at 917.7392578125, -3613.0830078125, 0.083183147013187
[2013-05-19 11:13] [AVEHPOS] Costin_Sobaru parked car #828 at 418.501953125, -4085.029296875, 2.544890165329
[2013-05-19 11:13] [AVEHPOS] Costin_Sobaru parked car #829 at 430.7958984375, -4085.7626953125, 2.5541341304779
[2013-05-19 11:13] [AVEHPOS] Costin_Sobaru parked car #249 at 588.4130859375, -4086.384765625, 2.9215397834778
[2013-05-19 12:07] [SELL] car #599 was sold from Mert Turkoglu to Jonas Delber
[2013-05-19 12:07] [SELL] car #898 was sold from Vahid Mariz Agha to Ronald Wright
[2013-05-19 12:15] [SELL] car #902 was sold from Jenna Richardson to Frank Mancini
[2013-05-19 12:43] [SELL] car #9008 was sold from Michael Collins to Casey Collins
[2013-05-19 12:59] [SELL] car #861 was sold from Enrique Castillo to Marvin Jones
[2013-05-19 13:32] [MAKEVEH] Holly_Parker created car #899 (Maverick) - Adeline_Balcaen
[2013-05-19 13:33] [AVEHPOS] Holly_Parker parked car #899 at 1389.44140625, -1377.873046875, 34.730781555176
[2013-05-19 13:43] [AVEHPOS] John_Wrisle parked car #866 at 1621.30859375, -1867.08203125, 13.043951034546
[2013-05-19 13:47] [ADD TINT-LST&R] Nate Miller has added tint to vehicle #802 - Elegy.
[2013-05-19 13:50] [MAKEVEH] Holly_Parker created car #910 (Maverick) - Enrique_Castillo
[2013-05-19 13:54] [ADD TINT-LST&R] James Lopez has added tint to vehicle #909 - Sultan.
[2013-05-19 14:29] [MAKEVEH] Holly_Parker created car #914 (Dinghy) - Dennis_Lynch
[2013-05-19 14:30] [AVEHPOS] Holly_Parker parked car #914 at 415.974609375, -1957.765625, -0.37238153815269
[2013-05-19 14:48] [SELL] car #919 was sold from Alliance Cooger to Charlie Fox
[2013-05-19 15:03] [AVEHPOS] Amanda_Cooper parked car #6969 at 1425.88671875, 1366.38671875, 10.955821037292
[2013-05-19 15:05] [AVEHPOS] Amanda_Cooper parked car #6969 at 1425.88671875, 1366.38671875, 10.955821037292
[2013-05-19 15:08] [ADD TINT-LST&R] James Lopez has added tint to vehicle #861 - Elegy.
[2013-05-19 15:09] [ADD TINT-LST&R] James Lopez has added tint to vehicle #836 - Elegy.
[2013-05-19 15:18] [SELL] car #67 was sold from Barney Strobe to Dominique Sherwood Jr
[2013-05-19 15:35] [SELL] car #6878 was sold from Paul Lester to Franko Smith
[2013-05-19 15:51] [AVEHPOS] Costin_Sobaru parked car #9478 at 1869.5869140625, -2096.4169921875, 13.129257202148
[2013-05-19 15:52] [AVEHPOS] Costin_Sobaru parked car #8623 at 1865.03515625, -2096.791015625, 13.264733314514
[2013-05-19 15:52] [AVEHPOS] Costin_Sobaru parked car #9107 at 1859.62890625, -2107.1572265625, 13.04811668396
[2013-05-19 16:16] [SELL] car #188 was sold from Joseph White to Dave King
[2013-05-19 16:21] [SELL] car #6878 was sold from Franko Smith to Chris Johnson
[2013-05-19 16:41] [SELL] car #793 was sold from Alice Eckert to Roman Hamilton
[2013-05-19 17:13] [AVEHPOS] Maciej_Kazodra parked car #9214 at 1511.0302734375, -1460.6064453125, 9.192852973938
[2013-05-19 17:13] [AVEHPOS] Maciej_Kazodra parked car #9214 at 1511.03515625, -1459.76953125, 9.1938695907593
[2013-05-19 17:16] [AVEHPOS] Boris_Sadovnikov parked car #7521 at 2142.4833984375, -2669.04296875, 13.171941757202
[2013-05-19 17:16] [ADMIN-UNIMPOUND] Boris Sadovnikov has unimpounded vehicle #7521.
[2013-05-19 17:52] [SELL] car #8746 was sold from Rumi Forbay to Bryden Hemelison
[2013-05-19 17:55] [SELL] car #23 was sold from Robert O'Sullivan to Sadiq Sossenheim
[2013-05-19 18:01] [AVEHPOS] Jonathan_Bowe parked car #6545 at 92.9814453125, -191.296875, 1.1424415111542
[2013-05-19 18:14] [SELL] car #8339 was sold from Sadiq Sossenheim to Callum Walsh
[2013-05-19 18:22] [SELL] car #5069 was sold from Miles Jason to John Howard
[2013-05-19 18:26] [SELL] car #5069 was sold from John Howard to Miles Jason
[2013-05-19 19:52] [SELL] car #8140 was sold from Alex Timwell to Amanda Turner
[2013-05-19 20:11] [SELL] car #5069 was sold from Miles Jason to Carleone McCartney
[2013-05-19 20:16] [SELL] car #868 was sold from Michael Ferbison to John Aravan
[2013-05-19 20:16] [SELL] car #5303 was sold from Jonathan Bowe to Alex Timwell
[2013-05-19 20:45] [SELL] car #5303 was sold from Alex Timwell to Papas Albim
[2013-05-19 21:31] [AVEHPOS] Jonathan_Bowe parked car #580 at 515.7802734375, 79.1240234375, 1045.4384765625
[2013-05-19 21:36] [SELL] car #8623 was sold from Kasper Hernandez to Eleazar Moreno
[2013-05-19 21:51] [SELL] car #345 was sold from Jarmel Muzzafred to Rodnell Shyland
[2013-05-19 21:52] [SELL] car #345 was sold from Rodnell Shyland to Jarmel Muzzafred
[2013-05-19 22:26] [SELL] car #407 was sold from Callum Walsh to Mario Walsh
[2013-05-19 23:54] [AVEHPOS] John_Wrisle parked car #7674 at 487.3916015625, -2.3818359375, 1002.1637573242
[2013-05-19 23:55] [ADD TINT-LST&R] Luciano Serenata has added tint to vehicle #213 - Rancher.
[2013-05-20 00:11] [MAKEVEH] Jessica_Patterson created car #940 (Police LS) - Faction #1
[2013-05-20 00:12] [MAKEVEH] Jessica_Patterson created car #941 (Police SF) - Faction #1
[2013-05-20 00:45] [SELL] car #9314 was sold from John Collins to Adam Fagan
[2013-05-20 03:19] [MAKEVEH] Jessica_Patterson created car #945 (Infernus) - James_Roberts
[2013-05-20 05:32] [AVEHPOS] Matthew_Lawson parked car #927 at 2143.8017578125, -1700.9228515625, 14.863482475281
[2013-05-20 05:46] [AVEHPOS] Victor_Castro parked car #3633 at 2210.521484375, 279.939453125, -0.43405190110207
[2013-05-20 10:19] [SELL] car #868 was sold from John Aravan to Michael Ferbison
[2013-05-20 10:20] [SELL] car #868 was sold from Michael Ferbison to Rick Ferbison
[2013-05-20 10:23] [SELL] car #5303 was sold from Papas Albim to Michael Ferbison
[2013-05-20 11:00] [ADD TINT-LST&R] Jackson Cameron has added tint to vehicle #403 - Intruder.
[2013-05-20 11:00] [ADD TINT-LST&R] Jackson Cameron has added tint to vehicle #955 - Stretch.
[2013-05-20 11:16] [SFTR-UNIMPOUND] Dennis Simmons has unimpounded vehicle #8379.
[2013-05-20 12:31] [AVEHPOS] James_Doyles parked car #9369 at 1578.2744140625, -1605.9189453125, 13.200634002686
[2013-05-20 12:52] [AVEHPOS] John_Wolforth parked car #606 at 1547.31640625, -1605.953125, 13.124449729919
