[2013-05-18 13:15] [/GLUE] Dodivalkov123/Jackson_Cameron glued to #9293 - 554
[2013-05-18 13:17] [/GLUE] Sibrecht/Adeline_Balcaen glued to #8726 - 519
[2013-05-18 13:18] [/GLUE] goos09/Susan_Balcaen glued to #8726 - 519
[2013-05-18 13:18] [/GLUE] Sibrecht/Adeline_Balcaen glued to #8726 - 519
[2013-05-18 13:18] [/GLUE] keksii/Brian_Carter glued to #8726 - 519
[2013-05-18 13:18] [/GLUE] Sibrecht/Adeline_Balcaen glued to #8726 - 519
[2013-05-18 13:18] [/GLUE] FAILCAKEZ/Alice_Eckert glued to #8726 - 519
[2013-05-18 13:18] [/GLUE] keksii/Brian_Carter glued to #8726 - 519
[2013-05-18 13:24] [/GLUE] goos09/Susan_Balcaen glued to #8726 - 519
[2013-05-18 13:25] [/GLUE] goos09/Susan_Balcaen glued to #6646 - 487
[2013-05-18 13:30] [/GLUE] Aud21/Roman_Hamilton glued to #820 - 457
[2013-05-18 13:30] [/GLUE] Sibrecht/Adeline_Balcaen glued to #820 - 457
[2013-05-18 13:30] [/GLUE] Sibrecht/Adeline_Balcaen glued to #820 - 457
[2013-05-18 13:36] [/GLUE] FAILCAKEZ/Alice_Eckert glued to #820 - 457
[2013-05-18 13:36] [/GLUE] Sibrecht/Adeline_Balcaen glued to #819 - 457
[2013-05-18 13:51] [/makeshop] Mamiee/John_Wrisle did make shop id 2608 with type 17
[2013-05-18 13:52] [/makeshop] Mamiee/John_Wrisle did make shop id 2609 with type 16
[2013-05-18 14:01] [/makeshop] Mamiee/John_Wrisle did make shop id 2610 with type 1
[2013-05-18 14:01] [/makeshop] Mamiee/John_Wrisle did make shop id 2611 with type 3
[2013-05-18 14:01] [/makeshop] Mamiee/John_Wrisle did make shop id 2612 with type 8
[2013-05-18 14:02] [/makeshop] Mamiee/John_Wrisle did make shop id 2613 with type 5
[2013-05-18 14:07] [/GLUE] keksii/Brian_Carter glued to #819 - 457
[2013-05-18 14:09] [/GLUE] Sketchead/Thomas_O'Brien glued to #816 - 457
[2013-05-18 14:12] [/GLUE] goos09/Susan_Balcaen glued to #819 - 457
[2013-05-18 14:19] [/GLUE] goos09/Susan_Balcaen glued to #819 - 457
[2013-05-18 14:19] [/GLUE] goos09/Susan_Balcaen glued to #819 - 457
[2013-05-18 14:21] [/GLUE] Sketchead/Thomas_O'Brien glued to #816 - 457
[2013-05-18 14:21] [/GLUE] diuvel/Carlos_Saranto glued to #816 - 457
[2013-05-18 14:30] [/GLUE] Socialz/Pamela_Parkinson glued to #6750 - 561
[2013-05-18 14:35] [/GLUE] LEO/Jonas_Delber glued to #2374 - 490
[2013-05-18 14:38] [/GLUE] Lenny-Benson/Seamus_MacMillan glued to #8989 - 542
[2013-05-18 14:42] [/GLUE] FAILCAKEZ/Alice_Eckert glued to #818 - 457
[2013-05-18 14:45] [/GLUE] Daffy15/Kate_Prim glued to #8726 - 519
[2013-05-18 14:46] [/GLUE] LEO/Jonas_Delber glued to #8726 - 519
[2013-05-18 14:48] [/GLUE] Ashfaq/Liam_Marshall glued to #823 - 493
[2013-05-18 14:51] [/GLUE] Ashfaq/Liam_Marshall glued to #592 - 472
[2013-05-18 14:51] [/GLUE] Ashfaq/Liam_Marshall glued to #592 - 472
[2013-05-18 14:52] [/GLUE] Ashfaq/Liam_Marshall glued to #824 - 493
[2013-05-18 14:52] [/GLUE] McNitro/Vince_Grayson glued to #824 - 493
[2013-05-18 14:53] [/GLUE] diuvel/Carlos_Saranto glued to #824 - 493
[2013-05-18 14:58] [/GLUE] Vegas/Martin_Casey glued to #837 - 489
[2013-05-18 14:58] [/GLUE] Spark/Lola_Clark glued to #837 - 489
[2013-05-18 14:59] [/GLUE] FAILCAKEZ/Alice_Eckert glued to #825 - 452
[2013-05-18 14:59] [/GLUE] Humour/Kennith_Menke glued to #825 - 452
[2013-05-18 15:04] [/GLUE] Aud21/Roman_Hamilton glued to #825 - 452
[2013-05-18 15:05] [/GLUE] FAILCAKEZ/Alice_Eckert glued to #825 - 452
[2013-05-18 15:09] [/makeshop] Firebird/Tyreke_Richardson did make shop id 2614 with type 1
[2013-05-18 15:09] [/GLUE] diuvel/Carlos_Saranto glued to #818 - 457
[2013-05-18 15:11] [/GLUE] Ashfaq/Liam_Marshall glued to #250 - 457
[2013-05-18 15:12] [/GLUE] Jevi/Tyrone_Curtis glued to #-26 - 473
[2013-05-18 15:14] [/GLUE] FAILCAKEZ/Alice_Eckert glued to #825 - 452
[2013-05-18 15:16] [/makeshop] Firebird/Tyreke_Richardson did make shop id 2615 with type 9
[2013-05-18 15:17] [/GLUE] Prolawl/Eleazar_Moreno glued to #6665 - 559
[2013-05-18 15:23] [/GLUE] Ashfaq/Liam_Marshall glued to #250 - 457
[2013-05-18 15:24] [/GLUE] keksii/Brian_Carter glued to #9344 - 411
[2013-05-18 15:27] [/GLUE] Lewi/Roxanne_Hale glued to #823 - 493
[2013-05-18 15:27] [/GLUE] Spark/Lola_Clark glued to #823 - 493
[2013-05-18 15:29] [/GLUE] Spark/Lola_Clark glued to #823 - 493
[2013-05-18 15:33] [/GLUE] Drzewko/Jonathan_Malco glued to #818 - 457
[2013-05-18 15:34] [/GLUE] rjm/Jacob_Sullivan glued to #827 - 472
[2013-05-18 15:36] [/GLUE] rjm/Jacob_Sullivan glued to #827 - 472
[2013-05-18 15:37] [/GLUE] Sketchead/Thomas_O'Brien glued to #592 - 472
[2013-05-18 15:38] [/GLUE] Sketchead/Thomas_O'Brien glued to #592 - 472
[2013-05-18 15:41] [/GLUE] Sketchead/Thomas_O'Brien glued to #592 - 472
[2013-05-18 15:41] [/GLUE] Sketchead/Thomas_O'Brien glued to #592 - 472
[2013-05-18 15:45] [/GLUE] Sketchead/Thomas_O'Brien glued to #592 - 472
[2013-05-18 15:45] [/GLUE] Sibrecht/Adeline_Balcaen glued to #825 - 452
[2013-05-18 15:46] [/makeshop] Equinox/Jenna_Richardson did make shop id 2616 with type 9
[2013-05-18 15:47] [/GLUE] Sibrecht/Adeline_Balcaen glued to #825 - 452
[2013-05-18 15:47] [/makeshop] Equinox/Jenna_Richardson did make shop id 2617 with type 9
[2013-05-18 15:47] [/GLUE] Lenny-Benson/Seamus_MacMillan glued to #6665 - 559
[2013-05-18 15:47] [/makeshop] Equinox/Jenna_Richardson did make shop id 2618 with type 3
[2013-05-18 15:50] [/GLUE] Sketchead/Thomas_O'Brien glued to #592 - 472
[2013-05-18 15:52] [/GLUE] Sketchead/Thomas_O'Brien glued to #592 - 472
[2013-05-18 15:54] [/GLUE] Drzewko/Jonathan_Malco glued to #8726 - 519
[2013-05-18 15:56] [/GLUE] keksii/Brian_Carter glued to #825 - 452
[2013-05-18 15:59] [/GLUE] FAILCAKEZ/Alice_Eckert glued to #818 - 457
[2013-05-18 15:59] [/GLUE] LEO/Jonas_Delber glued to #818 - 457
[2013-05-18 16:00] [/GLUE] Drzewko/Jonathan_Malco glued to #8726 - 519
[2013-05-18 16:03] [/GLUE] FAILCAKEZ/Alice_Eckert glued to #823 - 493
[2013-05-18 16:04] [/GLUE] Lewi/Roxanne_Hale glued to #823 - 493
[2013-05-18 16:04] [/GLUE] Sibrecht/Adeline_Balcaen glued to #823 - 493
[2013-05-18 16:04] [/GLUE] Spark/Lola_Clark glued to #823 - 493
[2013-05-18 16:04] [/GLUE] LEO/Jonas_Delber glued to #823 - 493
[2013-05-18 16:05] [/GLUE] rjm/Jacob_Sullivan glued to #827 - 472
[2013-05-18 16:07] [/GLUE] FAILCAKEZ/Alice_Eckert glued to #823 - 493
[2013-05-18 16:08] [/GLUE] Spark/Lola_Clark glued to #823 - 493
[2013-05-18 16:08] [/GLUE] FAILCAKEZ/Alice_Eckert glued to #823 - 493
[2013-05-18 16:08] [/GLUE] Sibrecht/Adeline_Balcaen glued to #823 - 493
[2013-05-18 16:10] [/GLUE] mclelg/Ruby_Hox glued to #6877 - 567
[2013-05-18 16:12] [/GLUE] LEO/Jonas_Delber glued to #823 - 493
[2013-05-18 16:12] [/GLUE] LEO/Jonas_Delber glued to #823 - 493
[2013-05-18 16:14] [/GLUE] rjm/Jacob_Sullivan glued to #592 - 472
[2013-05-18 16:14] [/GLUE] mathterbation/Poppy_Colton glued to #7866 - 410
[2013-05-18 16:15] [/GLUE] mathterbation/Poppy_Colton glued to #7866 - 410
[2013-05-18 16:15] [/GLUE] FAILCAKEZ/Alice_Eckert glued to #823 - 493
[2013-05-18 16:18] [/GLUE] Sibrecht/Adeline_Balcaen glued to #823 - 493
[2013-05-18 16:19] [/GLUE] mathterbation/Poppy_Colton glued to #7866 - 410
[2013-05-18 16:21] [/makeshop] Cameron/Peter_Mitchell did make shop id 2619 with type 16
[2013-05-18 16:21] [/GLUE] mathterbation/Poppy_Colton glued to #7866 - 410
[2013-05-18 16:26] [/GLUE] FAILCAKEZ/Alice_Eckert glued to #823 - 493
[2013-05-18 16:27] [/GLUE] mathterbation/Poppy_Colton glued to #7866 - 410
[2013-05-18 16:27] [/GLUE] FAILCAKEZ/Alice_Eckert glued to #823 - 493
[2013-05-18 16:28] [/GLUE] Sibrecht/Adeline_Balcaen glued to #823 - 493
[2013-05-18 16:38] [/GLUE] Lenny-Benson/Seamus_MacMillan glued to #6877 - 567
[2013-05-18 16:57] [/GLUE] LEO/Jonas_Delber glued to #4585 - 421
[2013-05-18 17:01] [/GLUE] LEO/Jonas_Delber glued to #4585 - 421
[2013-05-18 17:01] [/GLUE] LEO/Jonas_Delber glued to #4585 - 421
[2013-05-18 17:02] [/GLUE] LEO/Jonas_Delber glued to #4585 - 421
[2013-05-18 17:05] [/GLUE] mathterbation/Poppy_Colton glued to #7040 - 475
[2013-05-18 17:08] [/GLUE] pet7/Bryan_Pain glued to #5547 - 420
[2013-05-18 17:10] [/GLUE] Lenny-Benson/Seamus_MacMillan glued to #7040 - 475
[2013-05-18 17:15] [/GLUE] mathterbation/Poppy_Colton glued to #7040 - 475
[2013-05-18 17:20] [/GLUE] Lenny-Benson/Seamus_MacMillan glued to #7040 - 475
[2013-05-18 17:35] [/SETINTERIORPRICE] Firebird/Tyreke_Richardson set the interiorprice of 719 to 50000
[2013-05-18 17:39] [/GLUE] martinasltu/Martinez_Lecause glued to #8139 - 482
[2013-05-18 17:47] [/GLUE] Lenny-Benson/Seamus_MacMillan glued to #6665 - 559
[2013-05-18 17:48] [/GLUE] Kaiser/Normand_Cousteau glued to #551 - 422
[2013-05-18 17:59] [/GLUE] SilentNinja/Beata_Nowak glued to #4403 - 451
[2013-05-18 17:59] [/GLUE] IMariukas/Markus_Kanter glued to #5100 - 559
[2013-05-18 18:25] [/GLUE] Graham_Firm/Graham_Firm glued to #387 - 470
[2013-05-18 19:11] [/makeshop] Drzewko/Jonathan_Malco did make shop id 2620 with type 17
[2013-05-18 19:12] [/makeshop] Drzewko/Jonathan_Malco did make shop id 2621 with type 17
[2013-05-18 19:20] [/GLUE] Harry_Wilson/Harry_Wilson glued to #8669 - 596
[2013-05-18 19:26] [/GLUE] AuRevoir/Vasilj_Sobotka glued to #545 - 554
[2013-05-18 19:29] [/GLUE] shibbi/Emily_Rendero glued to #6691 - 565
[2013-05-18 19:49] [/GLUE] Graham_Firm/Graham_Firm glued to #8945 - 481
[2013-05-18 19:50] [/GLUE] Graham_Firm/Graham_Firm glued to #8945 - 481
[2013-05-18 19:50] [/GLUE] anan/Marcus_Lewis glued to #876 - 542
[2013-05-18 19:55] [/GLUE] anan/Marcus_Lewis glued to #876 - 542
[2013-05-18 19:59] [/SETINTERIORPRICE] Overlord/Matthew_Lawson set the interiorprice of 1330 to 50000
[2013-05-18 20:06] [/GLUE] Meepo/Marvin_Jones glued to #7298 - 523
[2013-05-18 20:22] [/GLUE] HouseOf/Norrece_Salcido glued to #6776 - 405
[2013-05-18 20:22] [/GLUE] MissWonder/Valentina_Almeida glued to #6776 - 405
[2013-05-18 20:48] [/GLUE] PKXZX77/Bishop_Kareno glued to #746 - 581
[2013-05-18 20:52] [/GLUE] PKXZX77/Bishop_Kareno glued to #746 - 581
[2013-05-18 21:03] [/GLUE] DomLight/Dom_Dark glued to #387 - 470
[2013-05-18 21:12] [/GLUE] Bosanac/Frank_Jefferson glued to #8530 - 586
[2013-05-18 21:13] [/GLUE] misse2000/Lincoln_Bagwell glued to #9203 - 475
[2013-05-18 21:16] [/GLUE] misse2000/Simon_Burrow glued to #9203 - 475
[2013-05-18 21:20] [/GLUE] misse2000/Simon_Burrow glued to #9203 - 475
[2013-05-18 21:22] [/GLUE] misse2000/Lincoln_Bagwell glued to #9203 - 475
[2013-05-18 21:24] [/GLUE] NicklasVR/Drake_Sky glued to #9203 - 475
[2013-05-18 21:26] [/GLUE] misse2000/Lincoln_Bagwell glued to #9203 - 475
[2013-05-18 21:28] [/GLUE] misse2000/Lincoln_Bagwell glued to #565 - 461
[2013-05-18 21:35] [/GLUE] NicklasVR/Drake_Sky glued to #565 - 461
[2013-05-18 21:46] [/GLUE] Fiddy/Jonathan_Bowe glued to #5568 - 411
[2013-05-18 22:05] [/makeshop] Freebird/Debra_Hanson did make shop id 2622 with type 17
[2013-05-18 22:45] [/GLUE] OctavioBalls/Salvatore_Montesano glued to #6734 - 415
[2013-05-18 22:48] [/GLUE] Citrus/Alexander_Stonewell glued to #6734 - 415
[2013-05-18 22:59] [/GLUE] sylvester36/Dexter_Sky glued to #661 - 414
[2013-05-18 23:00] [/GLUE] misse2000/Lincoln_Bagwell glued to #661 - 414
[2013-05-18 23:00] [/GLUE] OctavioBalls/Salvatore_Montesano glued to #6734 - 415
[2013-05-18 23:14] [/GLUE] Fiddy/Jonathan_Bowe glued to #823 - 493
[2013-05-18 23:14] [/GLUE] sylvester36/Dexter_Sky glued to #7574 - 411
[2013-05-18 23:15] [/GLUE] Fiddy/Jonathan_Bowe glued to #823 - 493
[2013-05-18 23:17] [/GLUE] misse2000/Lincoln_Bagwell glued to #7574 - 411
[2013-05-18 23:19] [/GLUE] misse2000/Lincoln_Bagwell glued to #7574 - 411
[2013-05-18 23:20] [/GLUE] misse2000/Lincoln_Bagwell glued to #7574 - 411
[2013-05-18 23:24] [/GLUE] NicklasVR/Drake_Sky glued to #7574 - 411
[2013-05-18 23:28] [/GLUE] sylvester36/Dexter_Sky glued to #9449 - 509
[2013-05-18 23:29] [/GLUE] Drzewko/Jonathan_Malco glued to #8668 - 596
[2013-05-18 23:31] [/GLUE] NicklasVR/Drake_Sky glued to #9203 - 475
[2013-05-18 23:38] [/makeshop] Turbin/John_Wolforth did make shop id 2623 with type 17
[2013-05-18 23:39] [/GLUE] NicklasVR/Drake_Sky glued to #9203 - 475
[2013-05-18 23:51] [/GLUE] Whiterhino99/Dennis_Lynch glued to #502 - 411
[2013-05-18 23:54] [/GLUE] sylvester36/Dexter_Sky glued to #9203 - 475
[2013-05-19 00:00] [/GLUE] sylvester36/Dexter_Sky glued to #9203 - 475
[2013-05-19 00:01] [/GLUE] sylvester36/Dexter_Sky glued to #9203 - 475
[2013-05-19 00:05] [/GLUE] sylvester36/Dexter_Sky glued to #9203 - 475
[2013-05-19 00:10] [/GLUE] Max_Hoveys/Ashton_Morteho glued to #387 - 470
[2013-05-19 00:13] [/GLUE] Drzewko/Jonathan_Malco glued to #502 - 411
[2013-05-19 00:54] [/makeshop] Turbin/John_Wolforth did make shop id 2624 with type 9
[2013-05-19 01:26] [/GLUE] Overlord/Matthew_Lawson glued to #7187 - 431
[2013-05-19 01:40] [/GLUE] Ninja6788/Sid_Florest glued to #800 - 439
[2013-05-19 02:07] [/GLUE] Kevin_Blanco/Kasper_White glued to #855 - 549
[2013-05-19 02:22] [/GLUE] JamesLopez/James_Lopez glued to #8392 - 581
[2013-05-19 02:23] [/GLUE] JamesLopez/James_Lopez glued to #8392 - 581
[2013-05-19 02:24] [/GLUE] JamesLopez/James_Lopez glued to #8392 - 581
[2013-05-19 02:25] [/GLUE] JamesLopez/James_Lopez glued to #8392 - 581
[2013-05-19 02:25] [/makeshop] Turbin/Clarissa_Martinelli did make shop id 2625 with type 17
[2013-05-19 02:25] [/GLUE] JamesLopez/James_Lopez glued to #8392 - 581
[2013-05-19 02:26] [/GLUE] JamesLopez/James_Lopez glued to #8392 - 581
[2013-05-19 02:56] [/GLUE] OctavioBalls/Salvatore_Montesano glued to #386 - 560
[2013-05-19 03:20] [/SETINTERIORPRICE] Fonmons/Mike_Andrews set the interiorprice of 1340 to 0
[2013-05-19 03:27] [/GLUE] OctavioBalls/Salvatore_Montesano glued to #807 - 468
[2013-05-19 03:29] [/GLUE] OctavioBalls/Salvatore_Montesano glued to #807 - 468
[2013-05-19 04:37] [/GLUE] Ninja6788/Tina_Rowe glued to #855 - 549
[2013-05-19 04:59] [/GLUE] Ninja6788/Tina_Rowe glued to #3633 - 475
[2013-05-19 05:47] [/makeshop] Fonmons/Victor_Castro did make shop id 2626 with type 11
[2013-05-19 05:47] [/makeshop] Fonmons/Victor_Castro did make shop id 2627 with type 11
[2013-05-19 05:48] [/GLUE] Franco/Rosamarie_Garcia glued to #774 - 471
[2013-05-19 05:51] [/GLUE] Franco/Rosamarie_Garcia glued to #774 - 471
[2013-05-19 06:27] [/GLUE] Blazer93/Robert_O'Sullivan glued to #9365 - 402
[2013-05-19 06:33] [/GLUE] Praxe/Ramires_Diaz glued to #6768 - 566
[2013-05-19 07:26] [/GLUE] djdox2010/Robby_Broadus glued to #855 - 549
[2013-05-19 08:27] [/GLUE] djdox2010/Robby_Broadus glued to #855 - 549
[2013-05-19 09:28] [/GLUE] misse2000/Lincoln_Bagwell glued to #9203 - 475
[2013-05-19 09:28] [/makeshop] costin96/Costin_Sobaru did make shop id 2628 with type 5
[2013-05-19 09:28] [/GLUE] keksii/Amy_Jones glued to #71 - 578
[2013-05-19 09:42] [/GLUE] Kingis/Dennis_Simmons glued to #71 - 578
[2013-05-19 09:54] [/GLUE] NicklasVR/Drake_Sky glued to #9203 - 475
[2013-05-19 10:00] [/GLUE] NicklasVR/Drake_Sky glued to #9203 - 475
[2013-05-19 10:07] [/GLUE] FrenzyHD/Jerome_Sky glued to #9203 - 475
[2013-05-19 10:09] [/GLUE] misse2000/Lincoln_Bagwell glued to #9203 - 475
[2013-05-19 10:20] [/GLUE] misse2000/Lincoln_Bagwell glued to #9203 - 475
[2013-05-19 10:21] [/GLUE] McNitro/Vince_Grayson glued to #466 - 473
[2013-05-19 10:23] [/GLUE] Sketchead/Thomas_O'Brien glued to #466 - 473
[2013-05-19 10:24] [/GLUE] Volvo/Michael_Quinwood glued to #21 - 566
[2013-05-19 10:41] [/GLUE] NicklasVR/Drake_Sky glued to #9203 - 475
[2013-05-19 10:42] [/GLUE] NicklasVR/Drake_Sky glued to #9203 - 475
[2013-05-19 10:42] [/GLUE] NicklasVR/Drake_Sky glued to #9203 - 475
[2013-05-19 10:49] [/GLUE] NicklasVR/Drake_Sky glued to #9203 - 475
[2013-05-19 10:49] [/GLUE] sylvester36/Dexter_Sky glued to #9203 - 475
[2013-05-19 10:54] [/GLUE] NicklasVR/Drake_Sky glued to #9203 - 475
[2013-05-19 10:54] [/GLUE] sylvester36/Dexter_Sky glued to #9203 - 475
[2013-05-19 10:54] [/GLUE] Simmo/Jahquil_Miller glued to #816 - 457
[2013-05-19 10:55] [/GLUE] Simmo/Jahquil_Miller glued to #816 - 457
[2013-05-19 10:55] [/GLUE] killectro/William_Boss glued to #816 - 457
[2013-05-19 10:55] [/GLUE] Simmo/Jahquil_Miller glued to #816 - 457
[2013-05-19 10:55] [/GLUE] Submax/Dan_Ray glued to #816 - 457
[2013-05-19 11:02] [/GLUE] Submax/Dan_Ray glued to #816 - 457
[2013-05-19 11:03] [/GLUE] bigboom/Bob_Cartwell glued to #816 - 457
[2013-05-19 11:07] [/GLUE] bigboom/Bob_Cartwell glued to #816 - 457
[2013-05-19 11:16] [/GLUE] Submax/Dan_Ray glued to #816 - 457
[2013-05-19 11:18] [/GLUE] Submax/Dan_Ray glued to #816 - 457
[2013-05-19 11:18] [/GLUE] killectro/William_Boss glued to #816 - 457
[2013-05-19 11:18] [/GLUE] Simmo/Jahquil_Miller glued to #816 - 457
[2013-05-19 11:21] [/GLUE] sylvester36/Dexter_Sky glued to #9203 - 475
[2013-05-19 11:29] [/GLUE] Dr4mX/Marcus_Lawrence glued to #8535 - 589
[2013-05-19 11:59] [/makeshop] costin96/Costin_Sobaru did make shop id 2629 with type 8
[2013-05-19 12:21] [/GLUE] misse2000/Lincoln_Bagwell glued to #9203 - 475
[2013-05-19 12:21] [/GLUE] misse2000/Lincoln_Bagwell glued to #9203 - 475
[2013-05-19 12:22] [/GLUE] misse2000/Lincoln_Bagwell glued to #9203 - 475
[2013-05-19 12:29] [/GLUE] Syrox/Enrique_Castillo glued to #187 - 411
[2013-05-19 12:41] [/makeshop] Cameron/Peter_Mitchell did make shop id 2630 with type 8
[2013-05-19 12:44] [/makeshop] costin96/Costin_Sobaru did make shop id 2631 with type 3
[2013-05-19 12:45] [/makeshop] costin96/Costin_Sobaru did make shop id 2632 with type 3
[2013-05-19 12:45] [/makeshop] costin96/Costin_Sobaru did make shop id 2633 with type 3
[2013-05-19 12:46] [/makeshop] costin96/Costin_Sobaru did make shop id 2634 with type 3
[2013-05-19 12:50] [/GLUE] RazerGR/Mark_Jameson glued to #198 - 579
[2013-05-19 13:04] [/makeshop] Cameron/Peter_Mitchell did make shop id 2635 with type 15
[2013-05-19 13:06] [/GLUE] PertentousDild0/Armando_Rendero glued to #764 - 510
[2013-05-19 13:08] [/makeshop] Cameron/Peter_Mitchell did make shop id 2636 with type 17
[2013-05-19 13:08] [/makeshop] Cameron/Peter_Mitchell did make shop id 2637 with type 17
[2013-05-19 13:09] [/makeshop] Cameron/Peter_Mitchell did make shop id 2638 with type 9
[2013-05-19 13:10] [/makeshop] Cameron/Peter_Mitchell did make shop id 2639 with type 9
[2013-05-19 13:13] [/SETINTERIORPRICE] Cameron/Peter_Mitchell set the interiorprice of 1351 to 150000
[2013-05-19 13:14] [/SETINTERIORPRICE] Cameron/Peter_Mitchell set the interiorprice of 1351 to 175000
[2013-05-19 13:27] [/GLUE] Edd/Edd_Brown glued to #7291 - 560
[2013-05-19 13:28] [/GLUE] Stone/Robert_Cipriano glued to #8726 - 519
[2013-05-19 13:39] [/makeshop] costin96/Costin_Sobaru did make shop id 2640 with type 1
[2013-05-19 13:40] [/makeshop] costin96/Costin_Sobaru did make shop id 2641 with type 8
[2013-05-19 13:40] [/makeshop] costin96/Costin_Sobaru did make shop id 2642 with type 16
[2013-05-19 13:40] [/makeshop] costin96/Costin_Sobaru did make shop id 2643 with type 7
[2013-05-19 13:40] [/makeshop] costin96/Costin_Sobaru did make shop id 2644 with type 7
[2013-05-19 13:46] [/makeshop] Socialz/Holly_Parker did make shop id 2645 with type 8
[2013-05-19 13:53] [/GLUE] Graham_Firm/Graham_Firm glued to #643 - 510
[2013-05-19 13:58] [/GLUE] dsmoked/Dominique_Sherwood_Jr glued to #731 - 461
[2013-05-19 14:05] [/GLUE] Whiterhino99/Dennis_Lynch glued to #466 - 473
[2013-05-19 14:14] [/GLUE] slavicflavour/Roman_Vladimirski glued to #6603 - 541
[2013-05-19 14:14] [/makeshop] costin96/Costin_Sobaru did make shop id 2646 with type 15
[2013-05-19 14:15] [/makeshop] costin96/Costin_Sobaru did make shop id 2647 with type 15
[2013-05-19 14:15] [/GLUE] dsmoked/Dominique_Sherwood_Jr glued to #731 - 461
[2013-05-19 14:16] [/makeshop] costin96/Costin_Sobaru did make shop id 2648 with type 17
[2013-05-19 14:16] [/GLUE] dsmoked/Dominique_Sherwood_Jr glued to #731 - 461
[2013-05-19 14:21] [/GLUE] Brian_Jordan/Brian_Johnson glued to #731 - 461
[2013-05-19 14:24] [/GLUE] dsmoked/Dominique_Sherwood_Jr glued to #731 - 461
[2013-05-19 14:24] [/GLUE] dsmoked/Dominique_Sherwood_Jr glued to #731 - 461
[2013-05-19 14:29] [/makeshop] costin96/Costin_Sobaru did make shop id 2649 with type 7
[2013-05-19 14:38] [/GLUE] Slebaah/Brigitta_Bronson glued to #802 - 562
[2013-05-19 14:43] [/GLUE] dsmoked/Dominique_Sherwood_Jr glued to #731 - 461
[2013-05-19 15:08] [/GLUE] goos09/Susan_Balcaen glued to #1842 - 599
[2013-05-19 15:11] [/GLUE] goos09/Susan_Balcaen glued to #1842 - 599
[2013-05-19 15:21] [/GLUE] yest/Gina_Mitchell glued to #60 - 416
[2013-05-19 15:26] [/makeshop] Firebird/Boris_Sadovnikov did make shop id 2650 with type 8
[2013-05-19 15:26] [/makeshop] Firebird/Boris_Sadovnikov did make shop id 2651 with type 9
[2013-05-19 15:31] [/GLUE] Jake110112/Peter_Costanza glued to #3755 - 510
[2013-05-19 15:32] [/GLUE] Jake110112/Peter_Costanza glued to #3755 - 510
[2013-05-19 15:34] [/GLUE] OctavioBalls/Salvatore_Montesano glued to #920 - 542
[2013-05-19 15:37] [/GLUE] OctavioBalls/Salvatore_Montesano glued to #923 - 542
[2013-05-19 15:53] [/GLUE] dsmoked/Dominique_Sherwood_Jr glued to #918 - 566
[2013-05-19 15:59] [/makeshop] Equinox/Jenna_Richardson did make shop id 2652 with type 17
[2013-05-19 16:02] [/GLUE] Graham_Firm/Graham_Firm glued to #643 - 510
[2013-05-19 16:09] [/GLUE] DomLight/Dom_Dark glued to #353 - 510
[2013-05-19 16:13] [/GLUE] DomLight/Dom_Dark glued to #891 - 481
[2013-05-19 16:17] [/GLUE] NicklasVR/Drake_Sky glued to #565 - 461
[2013-05-19 16:17] [/GLUE] DomLight/Dom_Dark glued to #891 - 481
[2013-05-19 16:18] [/GLUE] DomLight/Dom_Dark glued to #891 - 481
[2013-05-19 16:22] [/GLUE] misse2000/Lincoln_Bagwell glued to #565 - 461
[2013-05-19 17:01] [/makeshop] costin96/Costin_Sobaru did make shop id 2653 with type 17
[2013-05-19 17:03] [/GLUE] DomLight/Dom_Dark glued to #353 - 510
[2013-05-19 17:03] [/GLUE] DomLight/Dom_Dark glued to #353 - 510
[2013-05-19 17:06] [/GLUE] DomLight/Dom_Dark glued to #353 - 510
[2013-05-19 17:25] [/GLUE] DomLight/Dom_Dark glued to #353 - 510
[2013-05-19 17:26] [/GLUE] Pricetaz/Miles_Jason glued to #913 - 481
[2013-05-19 17:37] [/GLUE] SilentNinja/Beata_Nowak glued to #8669 - 596
[2013-05-19 17:40] [/makeshop] Drzewko/Jonathan_Malco did make shop id 2654 with type 17
[2013-05-19 17:52] [/GLUE] diuvel/Carlos_Saranto glued to #466 - 473
[2013-05-19 17:55] [/makeshop] Overlord/Matthew_Lawson did make shop id 2655 with type 2
[2013-05-19 17:58] [/GLUE] Sketchead/Thomas_O'Brien glued to #466 - 473
[2013-05-19 17:58] [/GLUE] McNitro/Vince_Grayson glued to #466 - 473
[2013-05-19 18:01] [/GLUE] Sketchead/Thomas_O'Brien glued to #621 - 420
[2013-05-19 18:05] [/GLUE] FrenzyHD/Jerome_Sky glued to #8812 - 410
[2013-05-19 18:45] [/GLUE] Lexus/Phylicia_Summerskill glued to #8653 - 543
[2013-05-19 18:55] [/GLUE] LEO/Jonas_Delber glued to #4678 - 475
[2013-05-19 19:18] [/GLUE] Humour/Kennith_Menke glued to #7291 - 560
[2013-05-19 20:04] [/GLUE] Blazer93/Robert_O'Sullivan glued to #8339 - 589
[2013-05-19 20:26] [/GLUE] Freefall/Andres_Tejedas glued to #6776 - 405
[2013-05-19 20:41] [/GLUE] Humour/Kennith_Menke glued to #164 - 416
[2013-05-19 20:44] [/GLUE] Kphail/Wesley_Finn glued to #939 - 566
[2013-05-19 20:45] [/GLUE] Humour/Kennith_Menke glued to #164 - 416
[2013-05-19 20:45] [/GLUE] Freefall/Andres_Tejedas glued to #6776 - 405
[2013-05-19 20:45] [/GLUE] Tony/Tony_McCreary glued to #164 - 416
[2013-05-19 20:46] [/GLUE] Kphail/Wesley_Finn glued to #939 - 566
[2013-05-19 20:47] [/GLUE] Freefall/Andres_Tejedas glued to #482 - 579
[2013-05-19 20:48] [/GLUE] GotStaance?/Amanda_Cooper glued to #8976 - 490
[2013-05-19 20:49] [/GLUE] NicklasVR/Drake_Sky glued to #8812 - 410
[2013-05-19 20:51] [/GLUE] hetr0H/Tommy_Vertigo glued to #902 - 482
[2013-05-19 20:53] [/GLUE] Wimoweh/Carl_Handral glued to #1 - 541
[2013-05-19 21:01] [/GLUE] Wimoweh/Carl_Handral glued to #1 - 541
[2013-05-19 21:03] [/GLUE] NicklasVR/Drake_Sky glued to #8812 - 410
[2013-05-19 21:07] [/GLUE] NicklasVR/Drake_Sky glued to #8812 - 410
[2013-05-19 21:21] [/GLUE] misse2000/Lincoln_Bagwell glued to #936 - 480
[2013-05-19 21:27] [/GLUE] misse2000/Lincoln_Bagwell glued to #936 - 480
[2013-05-19 21:29] [/GLUE] misse2000/Lincoln_Bagwell glued to #936 - 480
[2013-05-19 21:32] [/GLUE] misse2000/Lincoln_Bagwell glued to #936 - 480
[2013-05-19 21:41] [/GLUE] misse2000/Lincoln_Bagwell glued to #936 - 480
[2013-05-19 21:41] [/GLUE] misse2000/Lincoln_Bagwell glued to #936 - 480
[2013-05-19 21:43] [/GLUE] misse2000/Lincoln_Bagwell glued to #936 - 480
[2013-05-19 22:07] [/GLUE] killectro/William_Boss glued to #480 - 554
[2013-05-19 22:12] [/GLUE] killectro/William_Boss glued to #480 - 554
[2013-05-19 22:19] [/GLUE] SourGoat/Jakob_Parker glued to #480 - 554
[2013-05-19 22:20] [/GLUE] Warpig/Roy_Snyder glued to #480 - 554
[2013-05-19 22:24] [/GLUE] Warpig/Roy_Snyder glued to #480 - 554
[2013-05-19 22:26] [/GLUE] castro/Viktor_Zielkov glued to #480 - 554
[2013-05-19 22:26] [/GLUE] castro/Viktor_Zielkov glued to #480 - 554
[2013-05-19 22:26] [/GLUE] Warpig/Roy_Snyder glued to #480 - 554
[2013-05-19 22:28] [/GLUE] hetr0H/Callum_Walsh glued to #407 - 478
[2013-05-19 22:34] [/GLUE] killectro/William_Boss glued to #480 - 554
[2013-05-19 22:35] [/GLUE] NicklasVR/Drake_Sky glued to #565 - 461
[2013-05-19 22:36] [/GLUE] misse2000/Lincoln_Bagwell glued to #565 - 461
[2013-05-19 22:43] [/GLUE] Warpig/Roy_Snyder glued to #480 - 554
[2013-05-19 23:26] [/GLUE] misse2000/Lincoln_Bagwell glued to #661 - 414
[2013-05-19 23:26] [/GLUE] misse2000/Lincoln_Bagwell glued to #661 - 414
[2013-05-19 23:37] [/BURY] Mamiee/John Wrisle buried Chuck_Fagan
[2013-05-19 23:37] [/BURY] Mamiee/John Wrisle buried Link_Daniels
[2013-05-19 23:44] [/GLUE] sanr/Ernest_Boazeria glued to #6603 - 541
[2013-05-20 00:01] [/makeshop] Mamiee/John_Wrisle did make shop id 2656 with type 17
[2013-05-20 00:03] [/GLUE] dsmoked/Dominique_Sherwood_Jr glued to #60 - 416
[2013-05-20 00:17] [/makeshop] Equinox/Jenna_Richardson did make shop id 2657 with type 9
[2013-05-20 00:18] [/makeshop] Equinox/Jenna_Richardson did make shop id 2658 with type 15
[2013-05-20 00:54] [/GLUE] hetr0H/Callum_Walsh glued to #419 - 420
[2013-05-20 01:01] [/GLUE] hetr0H/Callum_Walsh glued to #646 - 525
[2013-05-20 01:35] [/GLUE] Eatalia/Demetrius_Marshall glued to #682 - 405
[2013-05-20 02:20] [/BURY] Weimy/Jessica Patterson buried Joey_Castrillo
[2013-05-20 02:43] [/GLUE] Sow1996/Tony_Wang glued to #481 - 481
[2013-05-20 02:55] [/GLUE] Sow1996/Tony_Wang glued to #481 - 481
[2013-05-20 03:00] [/GLUE] Romkabobr/Vsevolod_Novoseltsev glued to #9218 - 525
[2013-05-20 03:10] [/GLUE] Sow1996/Tony_Wang glued to #481 - 481
[2013-05-20 03:13] [/GLUE] Sow1996/Tony_Wang glued to #481 - 481
[2013-05-20 05:31] [/GLUE] smoke/Jim_WuTang glued to #731 - 461
[2013-05-20 07:37] [/GLUE] Andre/Andre_Jonson glued to #8768 - 567
[2013-05-20 08:01] [/makeshop] Equinox/Anthony_Moretti did make shop id 2659 with type 15
[2013-05-20 08:02] [/makeshop] Equinox/Anthony_Moretti did make shop id 2660 with type 15
[2013-05-20 08:02] [/makeshop] Equinox/Anthony_Moretti did make shop id 2661 with type 15
[2013-05-20 08:26] [/GLUE] Edd/Edd_Brown glued to #2461 - 402
[2013-05-20 08:29] [/GLUE] Edd/Edd_Brown glued to #2461 - 402
[2013-05-20 08:30] [/GLUE] Edd/Edd_Brown glued to #2461 - 402
[2013-05-20 08:31] [/GLUE] Edd/Edd_Brown glued to #2461 - 402
[2013-05-20 08:57] [/GLUE] [TPI]AJ/Joe_Johnson_Jr glued to #9449 - 509
[2013-05-20 08:57] [/GLUE] [TPI]AJ/Joe_Johnson_Jr glued to #9449 - 509
[2013-05-20 09:23] [/makeshop] Equinox/Jenna_Richardson did make shop id 2662 with type 15
[2013-05-20 09:24] [/makeshop] Equinox/Jenna_Richardson did make shop id 2663 with type 15
[2013-05-20 09:24] [/makeshop] Equinox/Jenna_Richardson did make shop id 2664 with type 15
[2013-05-20 09:25] [/makeshop] Equinox/Jenna_Richardson did make shop id 2665 with type 15
[2013-05-20 09:25] [/makeshop] Equinox/Jenna_Richardson did make shop id 2666 with type 15
[2013-05-20 09:25] [/makeshop] Equinox/Jenna_Richardson did make shop id 2667 with type 15
[2013-05-20 09:26] [/makeshop] Equinox/Jenna_Richardson did make shop id 2668 with type 15
[2013-05-20 09:26] [/makeshop] Equinox/Jenna_Richardson did make shop id 2669 with type 15
[2013-05-20 09:26] [/makeshop] Equinox/Jenna_Richardson did make shop id 2670 with type 15
[2013-05-20 10:16] [/makeshop] Maxime/James_Doyles did make shop id 2671 with type 17
[2013-05-20 10:16] [/makeshop] Maxime/James_Doyles did make shop id 2672 with type 17
[2013-05-20 10:17] [/makeshop] Maxime/James_Doyles did make shop id 2673 with type 17
[2013-05-20 10:17] [/makeshop] Maxime/James_Doyles did make shop id 2674 with type 17
[2013-05-20 10:36] [/GLUE] Anx/Bubba_Jay glued to #8653 - 543
[2013-05-20 10:48] [/SETINTERIORPRICE] Turbin/John_Wolforth set the interiorprice of 508 to 500000
[2013-05-20 10:48] [/GLUE] Anx/Bubba_Jay glued to #8653 - 543
[2013-05-20 11:43] [/GLUE] martinasltu/Martinez_Lecause glued to #5100 - 559
[2013-05-20 11:45] [/GLUE] rjm/Jacob_Sullivan glued to #8860 - 402
[2013-05-20 11:47] [/GLUE] McNitro/Vince_Grayson glued to #466 - 473
[2013-05-20 11:47] [/GLUE] rjm/Jacob_Sullivan glued to #466 - 473
[2013-05-20 12:08] [/makeshop] Turbin/John_Wolforth did make shop id 2675 with type 1
[2013-05-20 12:59] [/GLUE] Robwiin/Ramiro_Santino glued to #9395 - 509
